2026-01-16 21:42:57 [INFO] Question: what is shape
2026-01-16 21:43:36 [INFO] Question: what is shape
2026-01-16 21:49:53 [INFO] Question: give the shape

2026-01-16 21:50:41 [INFO] Question: how many rows and columns in dataset

2026-01-16 21:52:53 [INFO] Question: how many rows and columns in dataset

2026-01-16 21:52:53 [INFO] Running PandasAI with ollama LLM...
2026-01-16 21:52:53 [INFO] Prompt ID: 75482c40-1e4f-49ec-abe9-ab5aea983a35
2026-01-16 21:52:53 [INFO] Generating new code...
2026-01-16 21:52:53 [INFO] Using Prompt: <tables>

<table dialect="duckdb" table_name="table_dc29090ae65f955145378a3142ce7920" columns="[{"name": "age", "type": "integer", "description": null, "expression": null, "alias": null}, {"name": "sex", "type": "string", "description": null, "expression": null, "alias": null}, {"name": "bmi", "type": "float", "description": null, "expression": null, "alias": null}, {"name": "children", "type": "integer", "description": null, "expression": null, "alias": null}, {"name": "smoker", "type": "string", "description": null, "expression": null, "alias": null}, {"name": "region", "type": "string", "description": null, "expression": null, "alias": null}, {"name": "charges", "type": "float", "description": null, "expression": null, "alias": null}]" dimensions="1338x7">
age,sex,bmi,children,smoker,region,charges
19,female,27.9,0,yes,southwest,16884.924
18,male,33.77,1,no,southeast,1725.5523
28,male,33.0,3,no,southeast,4449.462
33,male,22.705,0,no,northwest,21984.47061
32,male,28.88,0,no,northwest,3866.8552
</table>


</tables>

The following functions have already been provided. Please use them as needed and do not redefine them.
<function>
def execute_sql_query(sql_query: str) -> pd.DataFrame
    """This method connects to the database, executes the sql query and returns the dataframe"""
</function>



Update this initial code:
```python
# TODO: import the required dependencies
import pandas as pd

# Write code here

# Declare result var: 
type (possible values "string", "number", "dataframe", "plot"). Examples: { "type": "string", "value": f"The highest salary is {highest_salary}." } or { "type": "number", "value": 125 } or { "type": "dataframe", "value": pd.DataFrame({...}) } or { "type": "plot", "value": "temp_chart.png" }

```



### QUERY
 how many rows and columns in dataset


At the end, declare "result" variable as a dictionary of type and value in the following format:

type (possible values "string", "number", "dataframe", "plot"). Examples: { "type": "string", "value": f"The highest salary is {highest_salary}." } or { "type": "number", "value": 125 } or { "type": "dataframe", "value": pd.DataFrame({...}) } or { "type": "plot", "value": "temp_chart.png" }



Generate python code and return full updated code:

### Note: Use only relevant table for query and do aggregation, sorting, joins and grouby through sql query
2026-01-16 21:53:29 [INFO] An error occurred during code generation: No code found in the response
2026-01-16 21:53:29 [INFO] Stack Trace:
Traceback (most recent call last):
  File "C:\Users\hp\Desktop\ai projects\Projects\.venv\Lib\site-packages\pandasai\core\code_generation\base.py", line 33, in generate_code
    code = self._context.config.llm.generate_code(prompt, self._context)
           ^^^^^^^^^^^^^^^^^^^^^^^^^^^^^^^^^^^^^^^^^^^^^^^^^^^^^^^^^^^^^
  File "C:\Users\hp\Desktop\ai projects\Projects\.venv\Lib\site-packages\pandasai\llm\base.py", line 174, in generate_code
    return self._extract_code(response)
           ^^^^^^^^^^^^^^^^^^^^^^^^^^^^
  File "C:\Users\hp\Desktop\ai projects\Projects\.venv\Lib\site-packages\pandasai\llm\base.py", line 118, in _extract_code
    raise NoCodeFoundError("No code found in the response")
pandasai.exceptions.NoCodeFoundError: No code found in the response

2026-01-16 21:53:29 [INFO] Execution failed with error: Traceback (most recent call last):
  File "C:\Users\hp\Desktop\ai projects\Projects\.venv\Lib\site-packages\pandasai\agent\base.py", line 176, in generate_code_with_retries
    return self.generate_code(query)
           ^^^^^^^^^^^^^^^^^^^^^^^^^
  File "C:\Users\hp\Desktop\ai projects\Projects\.venv\Lib\site-packages\pandasai\agent\base.py", line 119, in generate_code
    code = self._code_generator.generate_code(prompt)
           ^^^^^^^^^^^^^^^^^^^^^^^^^^^^^^^^^^^^^^^^^^
  File "C:\Users\hp\Desktop\ai projects\Projects\.venv\Lib\site-packages\pandasai\core\code_generation\base.py", line 52, in generate_code
    raise e
  File "C:\Users\hp\Desktop\ai projects\Projects\.venv\Lib\site-packages\pandasai\core\code_generation\base.py", line 33, in generate_code
    code = self._context.config.llm.generate_code(prompt, self._context)
           ^^^^^^^^^^^^^^^^^^^^^^^^^^^^^^^^^^^^^^^^^^^^^^^^^^^^^^^^^^^^^
  File "C:\Users\hp\Desktop\ai projects\Projects\.venv\Lib\site-packages\pandasai\llm\base.py", line 174, in generate_code
    return self._extract_code(response)
           ^^^^^^^^^^^^^^^^^^^^^^^^^^^^
  File "C:\Users\hp\Desktop\ai projects\Projects\.venv\Lib\site-packages\pandasai\llm\base.py", line 118, in _extract_code
    raise NoCodeFoundError("No code found in the response")
pandasai.exceptions.NoCodeFoundError: No code found in the response

2026-01-16 21:53:29 [INFO] Using Prompt: <table dialect="duckdb" table_name="table_dc29090ae65f955145378a3142ce7920" columns="[{"name": "age", "type": "integer", "description": null, "expression": null, "alias": null}, {"name": "sex", "type": "string", "description": null, "expression": null, "alias": null}, {"name": "bmi", "type": "float", "description": null, "expression": null, "alias": null}, {"name": "children", "type": "integer", "description": null, "expression": null, "alias": null}, {"name": "smoker", "type": "string", "description": null, "expression": null, "alias": null}, {"name": "region", "type": "string", "description": null, "expression": null, "alias": null}, {"name": "charges", "type": "float", "description": null, "expression": null, "alias": null}]" dimensions="1338x7">
age,sex,bmi,children,smoker,region,charges
19,female,27.9,0,yes,southwest,16884.924
18,male,33.77,1,no,southeast,1725.5523
28,male,33.0,3,no,southeast,4449.462
33,male,22.705,0,no,northwest,21984.47061
32,male,28.88,0,no,northwest,3866.8552
</table>


The following functions have already been provided. Please use them as needed and do not redefine them.
<function>
def execute_sql_query(sql_query: str) -> pd.DataFrame
    """This method connects to the database, executes the sql query and returns the dataframe"""
</function>


The user asked the following question:
### QUERY
 how many rows and columns in dataset


You generated the following Python code:
None

However, it resulted in the following error:
Traceback (most recent call last):
  File "C:\Users\hp\Desktop\ai projects\Projects\.venv\Lib\site-packages\pandasai\agent\base.py", line 176, in generate_code_with_retries
    return self.generate_code(query)
           ^^^^^^^^^^^^^^^^^^^^^^^^^
  File "C:\Users\hp\Desktop\ai projects\Projects\.venv\Lib\site-packages\pandasai\agent\base.py", line 119, in generate_code
    code = self._code_generator.generate_code(prompt)
           ^^^^^^^^^^^^^^^^^^^^^^^^^^^^^^^^^^^^^^^^^^
  File "C:\Users\hp\Desktop\ai projects\Projects\.venv\Lib\site-packages\pandasai\core\code_generation\base.py", line 52, in generate_code
    raise e
  File "C:\Users\hp\Desktop\ai projects\Projects\.venv\Lib\site-packages\pandasai\core\code_generation\base.py", line 33, in generate_code
    code = self._context.config.llm.generate_code(prompt, self._context)
           ^^^^^^^^^^^^^^^^^^^^^^^^^^^^^^^^^^^^^^^^^^^^^^^^^^^^^^^^^^^^^
  File "C:\Users\hp\Desktop\ai projects\Projects\.venv\Lib\site-packages\pandasai\llm\base.py", line 174, in generate_code
    return self._extract_code(response)
           ^^^^^^^^^^^^^^^^^^^^^^^^^^^^
  File "C:\Users\hp\Desktop\ai projects\Projects\.venv\Lib\site-packages\pandasai\llm\base.py", line 118, in _extract_code
    raise NoCodeFoundError("No code found in the response")
pandasai.exceptions.NoCodeFoundError: No code found in the response


Fix the python code above and return the new python code but the code generated should use execute_sql_query function
2026-01-16 21:53:50 [INFO] Code Generated:
import pandas as pd

rows = execute_sql_query("SELECT COUNT(*) FROM table_dc29090ae65f955145378a3142ce7920")[0][0]
columns = len(execute_sql_query("PRAGMA TABLE_INFO(table_dc29090ae65f955145378a3142ce7920)"))

print(f"Number of rows: {rows}")
print(f"Number of columns: {columns}")
2026-01-16 21:53:50 [INFO] Validating code requirements...
2026-01-16 21:53:50 [INFO] Code validation successful.
2026-01-16 21:53:50 [INFO] Cleaning the generated code...
2026-01-16 21:53:50 [INFO] Executing code: import pandas as pd
rows = execute_sql_query('SELECT COUNT(*) FROM table_dc29090ae65f955145378a3142ce7920')[0][0]
columns = len(execute_sql_query('PRAGMA TABLE_INFO(table_dc29090ae65f955145378a3142ce7920)'))
print(f'Number of rows: {rows}')
print(f'Number of columns: {columns}')
2026-01-16 21:53:51 [INFO] generated new fontManager
2026-01-16 21:53:52 [INFO] Retrying execution (1/3)...
2026-01-16 21:53:52 [INFO] Execution failed with error: Traceback (most recent call last):
  File "C:\Users\hp\Desktop\ai projects\Projects\.venv\Lib\site-packages\pandas\core\indexes\base.py", line 3812, in get_loc
    return self._engine.get_loc(casted_key)
           ^^^^^^^^^^^^^^^^^^^^^^^^^^^^^^^^
  File "pandas/_libs/index.pyx", line 167, in pandas._libs.index.IndexEngine.get_loc
  File "pandas/_libs/index.pyx", line 196, in pandas._libs.index.IndexEngine.get_loc
  File "pandas/_libs/hashtable_class_helper.pxi", line 7088, in pandas._libs.hashtable.PyObjectHashTable.get_item
  File "pandas/_libs/hashtable_class_helper.pxi", line 7096, in pandas._libs.hashtable.PyObjectHashTable.get_item
KeyError: 0

The above exception was the direct cause of the following exception:

Traceback (most recent call last):
  File "C:\Users\hp\Desktop\ai projects\Projects\.venv\Lib\site-packages\pandasai\core\code_execution\code_executor.py", line 29, in execute
    exec(code, self._environment)
  File "<string>", line 2, in <module>
  File "C:\Users\hp\Desktop\ai projects\Projects\.venv\Lib\site-packages\pandas\core\frame.py", line 4113, in __getitem__
    indexer = self.columns.get_loc(key)
              ^^^^^^^^^^^^^^^^^^^^^^^^^
  File "C:\Users\hp\Desktop\ai projects\Projects\.venv\Lib\site-packages\pandas\core\indexes\base.py", line 3819, in get_loc
    raise KeyError(key) from err
KeyError: 0

The above exception was the direct cause of the following exception:

Traceback (most recent call last):
  File "C:\Users\hp\Desktop\ai projects\Projects\.venv\Lib\site-packages\pandasai\agent\base.py", line 204, in execute_with_retries
    result = self.execute_code(code)
             ^^^^^^^^^^^^^^^^^^^^^^^
  File "C:\Users\hp\Desktop\ai projects\Projects\.venv\Lib\site-packages\pandasai\agent\base.py", line 135, in execute_code
    return code_executor.execute_and_return_result(code)
           ^^^^^^^^^^^^^^^^^^^^^^^^^^^^^^^^^^^^^^^^^^^^^
  File "C:\Users\hp\Desktop\ai projects\Projects\.venv\Lib\site-packages\pandasai\core\code_execution\code_executor.py", line 38, in execute_and_return_result
    self.execute(code)
  File "C:\Users\hp\Desktop\ai projects\Projects\.venv\Lib\site-packages\pandasai\core\code_execution\code_executor.py", line 31, in execute
    raise CodeExecutionError("Code execution failed") from e
pandasai.exceptions.CodeExecutionError: Code execution failed

2026-01-16 21:53:52 [INFO] Using Prompt: <table dialect="duckdb" table_name="table_dc29090ae65f955145378a3142ce7920" columns="[{"name": "age", "type": "integer", "description": null, "expression": null, "alias": null}, {"name": "sex", "type": "string", "description": null, "expression": null, "alias": null}, {"name": "bmi", "type": "float", "description": null, "expression": null, "alias": null}, {"name": "children", "type": "integer", "description": null, "expression": null, "alias": null}, {"name": "smoker", "type": "string", "description": null, "expression": null, "alias": null}, {"name": "region", "type": "string", "description": null, "expression": null, "alias": null}, {"name": "charges", "type": "float", "description": null, "expression": null, "alias": null}]" dimensions="1338x7">
age,sex,bmi,children,smoker,region,charges
19,female,27.9,0,yes,southwest,16884.924
18,male,33.77,1,no,southeast,1725.5523
28,male,33.0,3,no,southeast,4449.462
33,male,22.705,0,no,northwest,21984.47061
32,male,28.88,0,no,northwest,3866.8552
</table>


The following functions have already been provided. Please use them as needed and do not redefine them.
<function>
def execute_sql_query(sql_query: str) -> pd.DataFrame
    """This method connects to the database, executes the sql query and returns the dataframe"""
</function>


The user asked the following question:
### QUERY
 how many rows and columns in dataset


You generated the following Python code:
import pandas as pd
rows = execute_sql_query('SELECT COUNT(*) FROM table_dc29090ae65f955145378a3142ce7920')[0][0]
columns = len(execute_sql_query('PRAGMA TABLE_INFO(table_dc29090ae65f955145378a3142ce7920)'))
print(f'Number of rows: {rows}')
print(f'Number of columns: {columns}')

However, it resulted in the following error:
Traceback (most recent call last):
  File "C:\Users\hp\Desktop\ai projects\Projects\.venv\Lib\site-packages\pandas\core\indexes\base.py", line 3812, in get_loc
    return self._engine.get_loc(casted_key)
           ^^^^^^^^^^^^^^^^^^^^^^^^^^^^^^^^
  File "pandas/_libs/index.pyx", line 167, in pandas._libs.index.IndexEngine.get_loc
  File "pandas/_libs/index.pyx", line 196, in pandas._libs.index.IndexEngine.get_loc
  File "pandas/_libs/hashtable_class_helper.pxi", line 7088, in pandas._libs.hashtable.PyObjectHashTable.get_item
  File "pandas/_libs/hashtable_class_helper.pxi", line 7096, in pandas._libs.hashtable.PyObjectHashTable.get_item
KeyError: 0

The above exception was the direct cause of the following exception:

Traceback (most recent call last):
  File "C:\Users\hp\Desktop\ai projects\Projects\.venv\Lib\site-packages\pandasai\core\code_execution\code_executor.py", line 29, in execute
    exec(code, self._environment)
  File "<string>", line 2, in <module>
  File "C:\Users\hp\Desktop\ai projects\Projects\.venv\Lib\site-packages\pandas\core\frame.py", line 4113, in __getitem__
    indexer = self.columns.get_loc(key)
              ^^^^^^^^^^^^^^^^^^^^^^^^^
  File "C:\Users\hp\Desktop\ai projects\Projects\.venv\Lib\site-packages\pandas\core\indexes\base.py", line 3819, in get_loc
    raise KeyError(key) from err
KeyError: 0

The above exception was the direct cause of the following exception:

Traceback (most recent call last):
  File "C:\Users\hp\Desktop\ai projects\Projects\.venv\Lib\site-packages\pandasai\agent\base.py", line 204, in execute_with_retries
    result = self.execute_code(code)
             ^^^^^^^^^^^^^^^^^^^^^^^
  File "C:\Users\hp\Desktop\ai projects\Projects\.venv\Lib\site-packages\pandasai\agent\base.py", line 135, in execute_code
    return code_executor.execute_and_return_result(code)
           ^^^^^^^^^^^^^^^^^^^^^^^^^^^^^^^^^^^^^^^^^^^^^
  File "C:\Users\hp\Desktop\ai projects\Projects\.venv\Lib\site-packages\pandasai\core\code_execution\code_executor.py", line 38, in execute_and_return_result
    self.execute(code)
  File "C:\Users\hp\Desktop\ai projects\Projects\.venv\Lib\site-packages\pandasai\core\code_execution\code_executor.py", line 31, in execute
    raise CodeExecutionError("Code execution failed") from e
pandasai.exceptions.CodeExecutionError: Code execution failed


Fix the python code above and return the new python code but the code generated should use execute_sql_query function
2026-01-16 21:54:18 [INFO] Code Generated:
Python
import pandas as pd

# Get the number of rows in the table
rows = execute_sql_query('SELECT COUNT(*) FROM table_dc29090ae65f955145378a3142ce7920').shape[0]
print(f'Number of rows: {rows}')

# Get the number of columns in the table
columns = execute_sql_query('PRAGMA TABLE_INFO(table_dc29090ae65f955145378a3142ce7920)').shape[1]
print(f'Number of columns: {columns}')
2026-01-16 21:54:18 [INFO] Validating code requirements...
2026-01-16 21:54:18 [INFO] Code validation successful.
2026-01-16 21:54:18 [INFO] Cleaning the generated code...
2026-01-16 21:54:18 [INFO] Executing code: Python
import pandas as pd
rows = execute_sql_query('SELECT COUNT(*) FROM table_dc29090ae65f955145378a3142ce7920').shape[0]
print(f'Number of rows: {rows}')
columns = execute_sql_query('PRAGMA TABLE_INFO(table_dc29090ae65f955145378a3142ce7920)').shape[1]
print(f'Number of columns: {columns}')
2026-01-16 21:54:18 [INFO] Retrying execution (2/3)...
2026-01-16 21:54:18 [INFO] Execution failed with error: Traceback (most recent call last):
  File "C:\Users\hp\Desktop\ai projects\Projects\.venv\Lib\site-packages\pandasai\core\code_execution\code_executor.py", line 29, in execute
    exec(code, self._environment)
  File "<string>", line 1, in <module>
NameError: name 'Python' is not defined

The above exception was the direct cause of the following exception:

Traceback (most recent call last):
  File "C:\Users\hp\Desktop\ai projects\Projects\.venv\Lib\site-packages\pandasai\agent\base.py", line 204, in execute_with_retries
    result = self.execute_code(code)
             ^^^^^^^^^^^^^^^^^^^^^^^
  File "C:\Users\hp\Desktop\ai projects\Projects\.venv\Lib\site-packages\pandasai\agent\base.py", line 135, in execute_code
    return code_executor.execute_and_return_result(code)
           ^^^^^^^^^^^^^^^^^^^^^^^^^^^^^^^^^^^^^^^^^^^^^
  File "C:\Users\hp\Desktop\ai projects\Projects\.venv\Lib\site-packages\pandasai\core\code_execution\code_executor.py", line 38, in execute_and_return_result
    self.execute(code)
  File "C:\Users\hp\Desktop\ai projects\Projects\.venv\Lib\site-packages\pandasai\core\code_execution\code_executor.py", line 31, in execute
    raise CodeExecutionError("Code execution failed") from e
pandasai.exceptions.CodeExecutionError: Code execution failed

2026-01-16 21:54:18 [INFO] Using Prompt: <table dialect="duckdb" table_name="table_dc29090ae65f955145378a3142ce7920" columns="[{"name": "age", "type": "integer", "description": null, "expression": null, "alias": null}, {"name": "sex", "type": "string", "description": null, "expression": null, "alias": null}, {"name": "bmi", "type": "float", "description": null, "expression": null, "alias": null}, {"name": "children", "type": "integer", "description": null, "expression": null, "alias": null}, {"name": "smoker", "type": "string", "description": null, "expression": null, "alias": null}, {"name": "region", "type": "string", "description": null, "expression": null, "alias": null}, {"name": "charges", "type": "float", "description": null, "expression": null, "alias": null}]" dimensions="1338x7">
age,sex,bmi,children,smoker,region,charges
19,female,27.9,0,yes,southwest,16884.924
18,male,33.77,1,no,southeast,1725.5523
28,male,33.0,3,no,southeast,4449.462
33,male,22.705,0,no,northwest,21984.47061
32,male,28.88,0,no,northwest,3866.8552
</table>


The following functions have already been provided. Please use them as needed and do not redefine them.
<function>
def execute_sql_query(sql_query: str) -> pd.DataFrame
    """This method connects to the database, executes the sql query and returns the dataframe"""
</function>


The user asked the following question:
### QUERY
 how many rows and columns in dataset


You generated the following Python code:
Python
import pandas as pd
rows = execute_sql_query('SELECT COUNT(*) FROM table_dc29090ae65f955145378a3142ce7920').shape[0]
print(f'Number of rows: {rows}')
columns = execute_sql_query('PRAGMA TABLE_INFO(table_dc29090ae65f955145378a3142ce7920)').shape[1]
print(f'Number of columns: {columns}')

However, it resulted in the following error:
Traceback (most recent call last):
  File "C:\Users\hp\Desktop\ai projects\Projects\.venv\Lib\site-packages\pandasai\core\code_execution\code_executor.py", line 29, in execute
    exec(code, self._environment)
  File "<string>", line 1, in <module>
NameError: name 'Python' is not defined

The above exception was the direct cause of the following exception:

Traceback (most recent call last):
  File "C:\Users\hp\Desktop\ai projects\Projects\.venv\Lib\site-packages\pandasai\agent\base.py", line 204, in execute_with_retries
    result = self.execute_code(code)
             ^^^^^^^^^^^^^^^^^^^^^^^
  File "C:\Users\hp\Desktop\ai projects\Projects\.venv\Lib\site-packages\pandasai\agent\base.py", line 135, in execute_code
    return code_executor.execute_and_return_result(code)
           ^^^^^^^^^^^^^^^^^^^^^^^^^^^^^^^^^^^^^^^^^^^^^
  File "C:\Users\hp\Desktop\ai projects\Projects\.venv\Lib\site-packages\pandasai\core\code_execution\code_executor.py", line 38, in execute_and_return_result
    self.execute(code)
  File "C:\Users\hp\Desktop\ai projects\Projects\.venv\Lib\site-packages\pandasai\core\code_execution\code_executor.py", line 31, in execute
    raise CodeExecutionError("Code execution failed") from e
pandasai.exceptions.CodeExecutionError: Code execution failed


Fix the python code above and return the new python code but the code generated should use execute_sql_query function
2026-01-16 21:54:19 [INFO] Question: how many rows and columns in dataset

2026-01-16 21:54:19 [INFO] Running PandasAI with ollama LLM...
2026-01-16 21:54:19 [INFO] Prompt ID: 6d263740-e809-484b-85dc-59a2b69b4af1
2026-01-16 21:54:19 [INFO] Generating new code...
2026-01-16 21:54:19 [INFO] Using Prompt: <tables>

<table dialect="duckdb" table_name="table_dc29090ae65f955145378a3142ce7920" columns="[{"name": "age", "type": "integer", "description": null, "expression": null, "alias": null}, {"name": "sex", "type": "string", "description": null, "expression": null, "alias": null}, {"name": "bmi", "type": "float", "description": null, "expression": null, "alias": null}, {"name": "children", "type": "integer", "description": null, "expression": null, "alias": null}, {"name": "smoker", "type": "string", "description": null, "expression": null, "alias": null}, {"name": "region", "type": "string", "description": null, "expression": null, "alias": null}, {"name": "charges", "type": "float", "description": null, "expression": null, "alias": null}]" dimensions="1338x7">
age,sex,bmi,children,smoker,region,charges
19,female,27.9,0,yes,southwest,16884.924
18,male,33.77,1,no,southeast,1725.5523
28,male,33.0,3,no,southeast,4449.462
33,male,22.705,0,no,northwest,21984.47061
32,male,28.88,0,no,northwest,3866.8552
</table>


</tables>

The following functions have already been provided. Please use them as needed and do not redefine them.
<function>
def execute_sql_query(sql_query: str) -> pd.DataFrame
    """This method connects to the database, executes the sql query and returns the dataframe"""
</function>



Update this initial code:
```python
# TODO: import the required dependencies
import pandas as pd

# Write code here

# Declare result var: 
type (possible values "string", "number", "dataframe", "plot"). Examples: { "type": "string", "value": f"The highest salary is {highest_salary}." } or { "type": "number", "value": 125 } or { "type": "dataframe", "value": pd.DataFrame({...}) } or { "type": "plot", "value": "temp_chart.png" }

```



### QUERY
 how many rows and columns in dataset


At the end, declare "result" variable as a dictionary of type and value in the following format:

type (possible values "string", "number", "dataframe", "plot"). Examples: { "type": "string", "value": f"The highest salary is {highest_salary}." } or { "type": "number", "value": 125 } or { "type": "dataframe", "value": pd.DataFrame({...}) } or { "type": "plot", "value": "temp_chart.png" }



Generate python code and return full updated code:

### Note: Use only relevant table for query and do aggregation, sorting, joins and grouby through sql query
2026-01-16 21:54:44 [INFO] Code Generated:
import pandas as pd

rows = execute_sql_query('SELECT COUNT(*) FROM table_dc29090ae65f955145378a3142ce7920').shape[0]
print(f'Number of rows: {rows}')

columns = execute_sql_query('PRAGMA TABLE_INFO(table_dc29090ae65f955145378a3142ce7920)')['column_name'].shape[0]
print(f'Number of columns: {columns}')
2026-01-16 21:54:44 [INFO] Validating code requirements...
2026-01-16 21:54:44 [INFO] Code validation successful.
2026-01-16 21:54:44 [INFO] Cleaning the generated code...
2026-01-16 21:54:44 [INFO] Executing code: import pandas as pd
rows = execute_sql_query('SELECT COUNT(*) FROM table_dc29090ae65f955145378a3142ce7920').shape[0]
print(f'Number of rows: {rows}')
columns = execute_sql_query('PRAGMA TABLE_INFO(table_dc29090ae65f955145378a3142ce7920)')['column_name'].shape[0]
print(f'Number of columns: {columns}')
2026-01-16 21:54:44 [INFO] Retrying execution (3/3)...
2026-01-16 21:54:44 [INFO] Execution failed with error: Traceback (most recent call last):
  File "C:\Users\hp\Desktop\ai projects\Projects\.venv\Lib\site-packages\pandas\core\indexes\base.py", line 3812, in get_loc
    return self._engine.get_loc(casted_key)
           ^^^^^^^^^^^^^^^^^^^^^^^^^^^^^^^^
  File "pandas/_libs/index.pyx", line 167, in pandas._libs.index.IndexEngine.get_loc
  File "pandas/_libs/index.pyx", line 196, in pandas._libs.index.IndexEngine.get_loc
  File "pandas/_libs/hashtable_class_helper.pxi", line 7088, in pandas._libs.hashtable.PyObjectHashTable.get_item
  File "pandas/_libs/hashtable_class_helper.pxi", line 7096, in pandas._libs.hashtable.PyObjectHashTable.get_item
KeyError: 'column_name'

The above exception was the direct cause of the following exception:

Traceback (most recent call last):
  File "C:\Users\hp\Desktop\ai projects\Projects\.venv\Lib\site-packages\pandasai\core\code_execution\code_executor.py", line 29, in execute
    exec(code, self._environment)
  File "<string>", line 4, in <module>
  File "C:\Users\hp\Desktop\ai projects\Projects\.venv\Lib\site-packages\pandas\core\frame.py", line 4113, in __getitem__
    indexer = self.columns.get_loc(key)
              ^^^^^^^^^^^^^^^^^^^^^^^^^
  File "C:\Users\hp\Desktop\ai projects\Projects\.venv\Lib\site-packages\pandas\core\indexes\base.py", line 3819, in get_loc
    raise KeyError(key) from err
KeyError: 'column_name'

The above exception was the direct cause of the following exception:

Traceback (most recent call last):
  File "C:\Users\hp\Desktop\ai projects\Projects\.venv\Lib\site-packages\pandasai\agent\base.py", line 204, in execute_with_retries
    result = self.execute_code(code)
             ^^^^^^^^^^^^^^^^^^^^^^^
  File "C:\Users\hp\Desktop\ai projects\Projects\.venv\Lib\site-packages\pandasai\agent\base.py", line 135, in execute_code
    return code_executor.execute_and_return_result(code)
           ^^^^^^^^^^^^^^^^^^^^^^^^^^^^^^^^^^^^^^^^^^^^^
  File "C:\Users\hp\Desktop\ai projects\Projects\.venv\Lib\site-packages\pandasai\core\code_execution\code_executor.py", line 38, in execute_and_return_result
    self.execute(code)
  File "C:\Users\hp\Desktop\ai projects\Projects\.venv\Lib\site-packages\pandasai\core\code_execution\code_executor.py", line 31, in execute
    raise CodeExecutionError("Code execution failed") from e
pandasai.exceptions.CodeExecutionError: Code execution failed

2026-01-16 21:54:44 [INFO] Using Prompt: <table dialect="duckdb" table_name="table_dc29090ae65f955145378a3142ce7920" columns="[{"name": "age", "type": "integer", "description": null, "expression": null, "alias": null}, {"name": "sex", "type": "string", "description": null, "expression": null, "alias": null}, {"name": "bmi", "type": "float", "description": null, "expression": null, "alias": null}, {"name": "children", "type": "integer", "description": null, "expression": null, "alias": null}, {"name": "smoker", "type": "string", "description": null, "expression": null, "alias": null}, {"name": "region", "type": "string", "description": null, "expression": null, "alias": null}, {"name": "charges", "type": "float", "description": null, "expression": null, "alias": null}]" dimensions="1338x7">
age,sex,bmi,children,smoker,region,charges
19,female,27.9,0,yes,southwest,16884.924
18,male,33.77,1,no,southeast,1725.5523
28,male,33.0,3,no,southeast,4449.462
33,male,22.705,0,no,northwest,21984.47061
32,male,28.88,0,no,northwest,3866.8552
</table>


The following functions have already been provided. Please use them as needed and do not redefine them.
<function>
def execute_sql_query(sql_query: str) -> pd.DataFrame
    """This method connects to the database, executes the sql query and returns the dataframe"""
</function>


The user asked the following question:
### QUERY
 how many rows and columns in dataset


You generated the following Python code:
import pandas as pd
rows = execute_sql_query('SELECT COUNT(*) FROM table_dc29090ae65f955145378a3142ce7920').shape[0]
print(f'Number of rows: {rows}')
columns = execute_sql_query('PRAGMA TABLE_INFO(table_dc29090ae65f955145378a3142ce7920)')['column_name'].shape[0]
print(f'Number of columns: {columns}')

However, it resulted in the following error:
Traceback (most recent call last):
  File "C:\Users\hp\Desktop\ai projects\Projects\.venv\Lib\site-packages\pandas\core\indexes\base.py", line 3812, in get_loc
    return self._engine.get_loc(casted_key)
           ^^^^^^^^^^^^^^^^^^^^^^^^^^^^^^^^
  File "pandas/_libs/index.pyx", line 167, in pandas._libs.index.IndexEngine.get_loc
  File "pandas/_libs/index.pyx", line 196, in pandas._libs.index.IndexEngine.get_loc
  File "pandas/_libs/hashtable_class_helper.pxi", line 7088, in pandas._libs.hashtable.PyObjectHashTable.get_item
  File "pandas/_libs/hashtable_class_helper.pxi", line 7096, in pandas._libs.hashtable.PyObjectHashTable.get_item
KeyError: 'column_name'

The above exception was the direct cause of the following exception:

Traceback (most recent call last):
  File "C:\Users\hp\Desktop\ai projects\Projects\.venv\Lib\site-packages\pandasai\core\code_execution\code_executor.py", line 29, in execute
    exec(code, self._environment)
  File "<string>", line 4, in <module>
  File "C:\Users\hp\Desktop\ai projects\Projects\.venv\Lib\site-packages\pandas\core\frame.py", line 4113, in __getitem__
    indexer = self.columns.get_loc(key)
              ^^^^^^^^^^^^^^^^^^^^^^^^^
  File "C:\Users\hp\Desktop\ai projects\Projects\.venv\Lib\site-packages\pandas\core\indexes\base.py", line 3819, in get_loc
    raise KeyError(key) from err
KeyError: 'column_name'

The above exception was the direct cause of the following exception:

Traceback (most recent call last):
  File "C:\Users\hp\Desktop\ai projects\Projects\.venv\Lib\site-packages\pandasai\agent\base.py", line 204, in execute_with_retries
    result = self.execute_code(code)
             ^^^^^^^^^^^^^^^^^^^^^^^
  File "C:\Users\hp\Desktop\ai projects\Projects\.venv\Lib\site-packages\pandasai\agent\base.py", line 135, in execute_code
    return code_executor.execute_and_return_result(code)
           ^^^^^^^^^^^^^^^^^^^^^^^^^^^^^^^^^^^^^^^^^^^^^
  File "C:\Users\hp\Desktop\ai projects\Projects\.venv\Lib\site-packages\pandasai\core\code_execution\code_executor.py", line 38, in execute_and_return_result
    self.execute(code)
  File "C:\Users\hp\Desktop\ai projects\Projects\.venv\Lib\site-packages\pandasai\core\code_execution\code_executor.py", line 31, in execute
    raise CodeExecutionError("Code execution failed") from e
pandasai.exceptions.CodeExecutionError: Code execution failed


Fix the python code above and return the new python code but the code generated should use execute_sql_query function
2026-01-16 21:55:10 [INFO] Question: how many rows and columns in dataset?


2026-01-16 21:55:10 [INFO] Running PandasAI with ollama LLM...
2026-01-16 21:55:10 [INFO] Prompt ID: 6faa22e6-1198-4635-b046-c6deaa3419a7
2026-01-16 21:55:10 [INFO] Generating new code...
2026-01-16 21:55:10 [INFO] Using Prompt: <tables>

<table dialect="duckdb" table_name="table_dc29090ae65f955145378a3142ce7920" columns="[{"name": "age", "type": "integer", "description": null, "expression": null, "alias": null}, {"name": "sex", "type": "string", "description": null, "expression": null, "alias": null}, {"name": "bmi", "type": "float", "description": null, "expression": null, "alias": null}, {"name": "children", "type": "integer", "description": null, "expression": null, "alias": null}, {"name": "smoker", "type": "string", "description": null, "expression": null, "alias": null}, {"name": "region", "type": "string", "description": null, "expression": null, "alias": null}, {"name": "charges", "type": "float", "description": null, "expression": null, "alias": null}]" dimensions="1338x7">
age,sex,bmi,children,smoker,region,charges
19,female,27.9,0,yes,southwest,16884.924
18,male,33.77,1,no,southeast,1725.5523
28,male,33.0,3,no,southeast,4449.462
33,male,22.705,0,no,northwest,21984.47061
32,male,28.88,0,no,northwest,3866.8552
</table>


</tables>

The following functions have already been provided. Please use them as needed and do not redefine them.
<function>
def execute_sql_query(sql_query: str) -> pd.DataFrame
    """This method connects to the database, executes the sql query and returns the dataframe"""
</function>



Update this initial code:
```python
# TODO: import the required dependencies
import pandas as pd

# Write code here

# Declare result var: 
type (possible values "string", "number", "dataframe", "plot"). Examples: { "type": "string", "value": f"The highest salary is {highest_salary}." } or { "type": "number", "value": 125 } or { "type": "dataframe", "value": pd.DataFrame({...}) } or { "type": "plot", "value": "temp_chart.png" }

```



### QUERY
 how many rows and columns in dataset?



At the end, declare "result" variable as a dictionary of type and value in the following format:

type (possible values "string", "number", "dataframe", "plot"). Examples: { "type": "string", "value": f"The highest salary is {highest_salary}." } or { "type": "number", "value": 125 } or { "type": "dataframe", "value": pd.DataFrame({...}) } or { "type": "plot", "value": "temp_chart.png" }



Generate python code and return full updated code:

### Note: Use only relevant table for query and do aggregation, sorting, joins and grouby through sql query
2026-01-16 21:55:10 [INFO] Code Generated:
# TODO: import the required dependencies
import pandas as pd

def execute_sql_query(sql_query: str) -> pd.DataFrame:
    """This method connects to the database, executes the sql query and returns the dataframe"""
    # Replace this with your actual SQL query
    result = pd.DataFrame({
        "rows": len([row for row in tables[0].iter_rows()]),
        "columns": len(tables[0].columns)
    })
    return result

result = execute_sql_query("SELECT * FROM table_dc29090ae65f955145378a3142ce7920")
print(result)
2026-01-16 21:55:10 [INFO] Validating code requirements...
2026-01-16 21:55:10 [INFO] Code validation successful.
2026-01-16 21:55:10 [INFO] Cleaning the generated code...
2026-01-16 21:55:10 [INFO] Executing code: import pandas as pd
result = execute_sql_query('SELECT * FROM table_dc29090ae65f955145378a3142ce7920')
print(result)
2026-01-16 21:55:10 [INFO] Retrying execution (1/3)...
2026-01-16 21:55:10 [INFO] Execution failed with error: Traceback (most recent call last):
  File "C:\Users\hp\Desktop\ai projects\Projects\.venv\Lib\site-packages\pandasai\agent\base.py", line 205, in execute_with_retries
    return self._response_parser.parse(result, code)
           ^^^^^^^^^^^^^^^^^^^^^^^^^^^^^^^^^^^^^^^^^
  File "C:\Users\hp\Desktop\ai projects\Projects\.venv\Lib\site-packages\pandasai\core\response\parser.py", line 17, in parse
    self._validate_response(result)
  File "C:\Users\hp\Desktop\ai projects\Projects\.venv\Lib\site-packages\pandasai\core\response\parser.py", line 38, in _validate_response
    raise InvalidOutputValueMismatch(
pandasai.exceptions.InvalidOutputValueMismatch: Result must be in the format of dictionary of type and value like `result = {"type": ..., "value": ... }`

2026-01-16 21:55:10 [INFO] Using Prompt: <table dialect="duckdb" table_name="table_dc29090ae65f955145378a3142ce7920" columns="[{"name": "age", "type": "integer", "description": null, "expression": null, "alias": null}, {"name": "sex", "type": "string", "description": null, "expression": null, "alias": null}, {"name": "bmi", "type": "float", "description": null, "expression": null, "alias": null}, {"name": "children", "type": "integer", "description": null, "expression": null, "alias": null}, {"name": "smoker", "type": "string", "description": null, "expression": null, "alias": null}, {"name": "region", "type": "string", "description": null, "expression": null, "alias": null}, {"name": "charges", "type": "float", "description": null, "expression": null, "alias": null}]" dimensions="1338x7">
age,sex,bmi,children,smoker,region,charges
19,female,27.9,0,yes,southwest,16884.924
18,male,33.77,1,no,southeast,1725.5523
28,male,33.0,3,no,southeast,4449.462
33,male,22.705,0,no,northwest,21984.47061
32,male,28.88,0,no,northwest,3866.8552
</table>


The following functions have already been provided. Please use them as needed and do not redefine them.
<function>
def execute_sql_query(sql_query: str) -> pd.DataFrame
    """This method connects to the database, executes the sql query and returns the dataframe"""
</function>


The user asked the following question:
### QUERY
 how many rows and columns in dataset


You generated the following Python code:
import pandas as pd
result = execute_sql_query('SELECT * FROM table_dc29090ae65f955145378a3142ce7920')
print(result)

However, it resulted in the following error:
Traceback (most recent call last):
  File "C:\Users\hp\Desktop\ai projects\Projects\.venv\Lib\site-packages\pandasai\agent\base.py", line 205, in execute_with_retries
    return self._response_parser.parse(result, code)
           ^^^^^^^^^^^^^^^^^^^^^^^^^^^^^^^^^^^^^^^^^
  File "C:\Users\hp\Desktop\ai projects\Projects\.venv\Lib\site-packages\pandasai\core\response\parser.py", line 17, in parse
    self._validate_response(result)
  File "C:\Users\hp\Desktop\ai projects\Projects\.venv\Lib\site-packages\pandasai\core\response\parser.py", line 38, in _validate_response
    raise InvalidOutputValueMismatch(
pandasai.exceptions.InvalidOutputValueMismatch: Result must be in the format of dictionary of type and value like `result = {"type": ..., "value": ... }`


Fix the python code above and return the new python code but the code generated should use execute_sql_query function
2026-01-16 21:55:39 [INFO] Code Generated:
Python
import pandas as pd

result = execute_sql_query('PRAGMA TABLE_INFO(table_dc29090ae65f955145378a3142ce7920)')
num_rows = execute_sql_query('SELECT COUNT(*) FROM table_dc29090ae65f955145378a3142ce7920').shape[0]
print(f'Number of rows: {num_rows}')

column_names = [row['name'] for row in result.itertuples()]
num_columns = len(column_names)
print(f'Number of columns: {num_columns}')
2026-01-16 21:55:39 [INFO] Validating code requirements...
2026-01-16 21:55:39 [INFO] Code validation successful.
2026-01-16 21:55:39 [INFO] Cleaning the generated code...
2026-01-16 21:55:39 [INFO] Executing code: Python
import pandas as pd
result = execute_sql_query('PRAGMA TABLE_INFO(table_dc29090ae65f955145378a3142ce7920)')
num_rows = execute_sql_query('SELECT COUNT(*) FROM table_dc29090ae65f955145378a3142ce7920').shape[0]
print(f'Number of rows: {num_rows}')
column_names = [row['name'] for row in result.itertuples()]
num_columns = len(column_names)
print(f'Number of columns: {num_columns}')
2026-01-16 21:55:39 [INFO] Max retries reached. Error: Code execution failed
2026-01-16 21:55:39 [INFO] Processing failed with error: Traceback (most recent call last):
  File "C:\Users\hp\Desktop\ai projects\Projects\.venv\Lib\site-packages\pandasai\core\code_execution\code_executor.py", line 29, in execute
    exec(code, self._environment)
  File "<string>", line 1, in <module>
NameError: name 'Python' is not defined

The above exception was the direct cause of the following exception:

Traceback (most recent call last):
  File "C:\Users\hp\Desktop\ai projects\Projects\.venv\Lib\site-packages\pandasai\agent\base.py", line 287, in _process_query
    result = self.execute_with_retries(code)
             ^^^^^^^^^^^^^^^^^^^^^^^^^^^^^^^
  File "C:\Users\hp\Desktop\ai projects\Projects\.venv\Lib\site-packages\pandasai\agent\base.py", line 204, in execute_with_retries
    result = self.execute_code(code)
             ^^^^^^^^^^^^^^^^^^^^^^^
  File "C:\Users\hp\Desktop\ai projects\Projects\.venv\Lib\site-packages\pandasai\agent\base.py", line 135, in execute_code
    return code_executor.execute_and_return_result(code)
           ^^^^^^^^^^^^^^^^^^^^^^^^^^^^^^^^^^^^^^^^^^^^^
  File "C:\Users\hp\Desktop\ai projects\Projects\.venv\Lib\site-packages\pandasai\core\code_execution\code_executor.py", line 38, in execute_and_return_result
    self.execute(code)
  File "C:\Users\hp\Desktop\ai projects\Projects\.venv\Lib\site-packages\pandasai\core\code_execution\code_executor.py", line 31, in execute
    raise CodeExecutionError("Code execution failed") from e
pandasai.exceptions.CodeExecutionError: Code execution failed

2026-01-16 21:56:32 [INFO] Code Generated:
import pandas as pd

def execute_sql_query(sql_query: str) -> pd.DataFrame:
    """This method connects to the database, executes the sql query and returns the dataframe"""
    # This function is not implemented in this example. You would need a connection to the duckdb database
    pass

# Get the table data from the previous code
table_data = """
<tables>

<table dialect="duckdb" table_name="table_dc29090ae65f955145378a3142ce7920" columns="[{"name": "age", "type": "integer", "description": null, "expression": null, "alias": null}, {"name": "sex", "type": "string", "description": null, "expression": null, "alias": null}, {"name": "bmi", "type": "float", "description": null, "expression": null, "alias": null}, {"name": "children", "type": "integer", "description": null, "expression": null, "alias": null}, {"name": "smoker", "type": "string", "description": null, "expression": null, "alias": null}, {"name": "region", "type": "string", "description": null, "expression": null, "alias": null}, {"name": "charges", "type": "float", "description": null, "expression": null, "alias": null}]" dimensions="1338x7">
age,sex,bmi,children,smoker,region,charges
19,female,27.9,0,yes,southwest,16884.924
18,male,33.77,1,no,southeast,1725.5523
28,male,33.0,3,no,southeast,4449.462
33,male,22.705,0,no,northwest,21984.47061
32,male,28.88,0,no,northwest,3866.8552
</table>


</tables>
"""

# Parse the table data into a pandas dataframe
df = pd.read_csv(pd.io.html.read_html(table_data)[0], skiprows=1)

# Get the number of rows and columns in the dataset
num_rows = df.shape[0]
num_cols = df.shape[1]

result = {"type": "string", "value": f"The dataset has {num_rows} rows and {num_cols} columns."}

print(result)
2026-01-16 21:56:32 [INFO] Validating code requirements...
2026-01-16 21:56:32 [INFO] An error occurred during code generation: The code must execute SQL queries using the `execute_sql_query` function, which is already defined!
2026-01-16 21:56:32 [INFO] Stack Trace:
Traceback (most recent call last):
  File "C:\Users\hp\Desktop\ai projects\Projects\.venv\Lib\site-packages\pandasai\core\code_generation\base.py", line 39, in generate_code
    cleaned_code = self.validate_and_clean_code(code)
                   ^^^^^^^^^^^^^^^^^^^^^^^^^^^^^^^^^^
  File "C:\Users\hp\Desktop\ai projects\Projects\.venv\Lib\site-packages\pandasai\core\code_generation\base.py", line 57, in validate_and_clean_code
    if not self._code_validator.validate(code):
           ^^^^^^^^^^^^^^^^^^^^^^^^^^^^^^^^^^^
  File "C:\Users\hp\Desktop\ai projects\Projects\.venv\Lib\site-packages\pandasai\core\code_generation\code_validation.py", line 63, in validate
    raise ExecuteSQLQueryNotUsed(
pandasai.exceptions.ExecuteSQLQueryNotUsed: The code must execute SQL queries using the `execute_sql_query` function, which is already defined!

2026-01-16 21:56:32 [INFO] Execution failed with error: Traceback (most recent call last):
  File "C:\Users\hp\Desktop\ai projects\Projects\.venv\Lib\site-packages\pandasai\agent\base.py", line 176, in generate_code_with_retries
    return self.generate_code(query)
           ^^^^^^^^^^^^^^^^^^^^^^^^^
  File "C:\Users\hp\Desktop\ai projects\Projects\.venv\Lib\site-packages\pandasai\agent\base.py", line 119, in generate_code
    code = self._code_generator.generate_code(prompt)
           ^^^^^^^^^^^^^^^^^^^^^^^^^^^^^^^^^^^^^^^^^^
  File "C:\Users\hp\Desktop\ai projects\Projects\.venv\Lib\site-packages\pandasai\core\code_generation\base.py", line 52, in generate_code
    raise e
  File "C:\Users\hp\Desktop\ai projects\Projects\.venv\Lib\site-packages\pandasai\core\code_generation\base.py", line 39, in generate_code
    cleaned_code = self.validate_and_clean_code(code)
                   ^^^^^^^^^^^^^^^^^^^^^^^^^^^^^^^^^^
  File "C:\Users\hp\Desktop\ai projects\Projects\.venv\Lib\site-packages\pandasai\core\code_generation\base.py", line 57, in validate_and_clean_code
    if not self._code_validator.validate(code):
           ^^^^^^^^^^^^^^^^^^^^^^^^^^^^^^^^^^^
  File "C:\Users\hp\Desktop\ai projects\Projects\.venv\Lib\site-packages\pandasai\core\code_generation\code_validation.py", line 63, in validate
    raise ExecuteSQLQueryNotUsed(
pandasai.exceptions.ExecuteSQLQueryNotUsed: The code must execute SQL queries using the `execute_sql_query` function, which is already defined!

2026-01-16 21:56:32 [INFO] Using Prompt: <table dialect="duckdb" table_name="table_dc29090ae65f955145378a3142ce7920" columns="[{"name": "age", "type": "integer", "description": null, "expression": null, "alias": null}, {"name": "sex", "type": "string", "description": null, "expression": null, "alias": null}, {"name": "bmi", "type": "float", "description": null, "expression": null, "alias": null}, {"name": "children", "type": "integer", "description": null, "expression": null, "alias": null}, {"name": "smoker", "type": "string", "description": null, "expression": null, "alias": null}, {"name": "region", "type": "string", "description": null, "expression": null, "alias": null}, {"name": "charges", "type": "float", "description": null, "expression": null, "alias": null}]" dimensions="1338x7">
age,sex,bmi,children,smoker,region,charges
19,female,27.9,0,yes,southwest,16884.924
18,male,33.77,1,no,southeast,1725.5523
28,male,33.0,3,no,southeast,4449.462
33,male,22.705,0,no,northwest,21984.47061
32,male,28.88,0,no,northwest,3866.8552
</table>


The following functions have already been provided. Please use them as needed and do not redefine them.
<function>
def execute_sql_query(sql_query: str) -> pd.DataFrame
    """This method connects to the database, executes the sql query and returns the dataframe"""
</function>


The user asked the following question:
### QUERY
 how many rows and columns in dataset?



You generated the following Python code:
import pandas as pd

def execute_sql_query(sql_query: str) -> pd.DataFrame:
    """This method connects to the database, executes the sql query and returns the dataframe"""
    # This function is not implemented in this example. You would need a connection to the duckdb database
    pass

# Get the table data from the previous code
table_data = """
<tables>

<table dialect="duckdb" table_name="table_dc29090ae65f955145378a3142ce7920" columns="[{"name": "age", "type": "integer", "description": null, "expression": null, "alias": null}, {"name": "sex", "type": "string", "description": null, "expression": null, "alias": null}, {"name": "bmi", "type": "float", "description": null, "expression": null, "alias": null}, {"name": "children", "type": "integer", "description": null, "expression": null, "alias": null}, {"name": "smoker", "type": "string", "description": null, "expression": null, "alias": null}, {"name": "region", "type": "string", "description": null, "expression": null, "alias": null}, {"name": "charges", "type": "float", "description": null, "expression": null, "alias": null}]" dimensions="1338x7">
age,sex,bmi,children,smoker,region,charges
19,female,27.9,0,yes,southwest,16884.924
18,male,33.77,1,no,southeast,1725.5523
28,male,33.0,3,no,southeast,4449.462
33,male,22.705,0,no,northwest,21984.47061
32,male,28.88,0,no,northwest,3866.8552
</table>


</tables>
"""

# Parse the table data into a pandas dataframe
df = pd.read_csv(pd.io.html.read_html(table_data)[0], skiprows=1)

# Get the number of rows and columns in the dataset
num_rows = df.shape[0]
num_cols = df.shape[1]

result = {"type": "string", "value": f"The dataset has {num_rows} rows and {num_cols} columns."}

print(result)

However, it resulted in the following error:
Traceback (most recent call last):
  File "C:\Users\hp\Desktop\ai projects\Projects\.venv\Lib\site-packages\pandasai\agent\base.py", line 176, in generate_code_with_retries
    return self.generate_code(query)
           ^^^^^^^^^^^^^^^^^^^^^^^^^
  File "C:\Users\hp\Desktop\ai projects\Projects\.venv\Lib\site-packages\pandasai\agent\base.py", line 119, in generate_code
    code = self._code_generator.generate_code(prompt)
           ^^^^^^^^^^^^^^^^^^^^^^^^^^^^^^^^^^^^^^^^^^
  File "C:\Users\hp\Desktop\ai projects\Projects\.venv\Lib\site-packages\pandasai\core\code_generation\base.py", line 52, in generate_code
    raise e
  File "C:\Users\hp\Desktop\ai projects\Projects\.venv\Lib\site-packages\pandasai\core\code_generation\base.py", line 39, in generate_code
    cleaned_code = self.validate_and_clean_code(code)
                   ^^^^^^^^^^^^^^^^^^^^^^^^^^^^^^^^^^
  File "C:\Users\hp\Desktop\ai projects\Projects\.venv\Lib\site-packages\pandasai\core\code_generation\base.py", line 57, in validate_and_clean_code
    if not self._code_validator.validate(code):
           ^^^^^^^^^^^^^^^^^^^^^^^^^^^^^^^^^^^
  File "C:\Users\hp\Desktop\ai projects\Projects\.venv\Lib\site-packages\pandasai\core\code_generation\code_validation.py", line 63, in validate
    raise ExecuteSQLQueryNotUsed(
pandasai.exceptions.ExecuteSQLQueryNotUsed: The code must execute SQL queries using the `execute_sql_query` function, which is already defined!


Fix the python code above and return the new python code but the code generated should use execute_sql_query function
2026-01-16 21:56:47 [INFO] Code Generated:
Python
import pandas as pd

result = execute_sql_query('SELECT * FROM table_dc29090ae65f955145378a3142ce7920')
print(f"Number of rows: {len(result)}")
print(f"Number of columns: {len(result.columns)}")
2026-01-16 21:56:47 [INFO] Validating code requirements...
2026-01-16 21:56:47 [INFO] Code validation successful.
2026-01-16 21:56:47 [INFO] Cleaning the generated code...
2026-01-16 21:56:47 [INFO] Executing code: Python
import pandas as pd
result = execute_sql_query('SELECT * FROM table_dc29090ae65f955145378a3142ce7920')
print(f'Number of rows: {len(result)}')
print(f'Number of columns: {len(result.columns)}')
2026-01-16 21:56:47 [INFO] Retrying execution (2/3)...
2026-01-16 21:56:47 [INFO] Execution failed with error: Traceback (most recent call last):
  File "C:\Users\hp\Desktop\ai projects\Projects\.venv\Lib\site-packages\pandasai\core\code_execution\code_executor.py", line 29, in execute
    exec(code, self._environment)
  File "<string>", line 1, in <module>
NameError: name 'Python' is not defined

The above exception was the direct cause of the following exception:

Traceback (most recent call last):
  File "C:\Users\hp\Desktop\ai projects\Projects\.venv\Lib\site-packages\pandasai\agent\base.py", line 204, in execute_with_retries
    result = self.execute_code(code)
             ^^^^^^^^^^^^^^^^^^^^^^^
  File "C:\Users\hp\Desktop\ai projects\Projects\.venv\Lib\site-packages\pandasai\agent\base.py", line 135, in execute_code
    return code_executor.execute_and_return_result(code)
           ^^^^^^^^^^^^^^^^^^^^^^^^^^^^^^^^^^^^^^^^^^^^^
  File "C:\Users\hp\Desktop\ai projects\Projects\.venv\Lib\site-packages\pandasai\core\code_execution\code_executor.py", line 38, in execute_and_return_result
    self.execute(code)
  File "C:\Users\hp\Desktop\ai projects\Projects\.venv\Lib\site-packages\pandasai\core\code_execution\code_executor.py", line 31, in execute
    raise CodeExecutionError("Code execution failed") from e
pandasai.exceptions.CodeExecutionError: Code execution failed

2026-01-16 21:56:47 [INFO] Using Prompt: <table dialect="duckdb" table_name="table_dc29090ae65f955145378a3142ce7920" columns="[{"name": "age", "type": "integer", "description": null, "expression": null, "alias": null}, {"name": "sex", "type": "string", "description": null, "expression": null, "alias": null}, {"name": "bmi", "type": "float", "description": null, "expression": null, "alias": null}, {"name": "children", "type": "integer", "description": null, "expression": null, "alias": null}, {"name": "smoker", "type": "string", "description": null, "expression": null, "alias": null}, {"name": "region", "type": "string", "description": null, "expression": null, "alias": null}, {"name": "charges", "type": "float", "description": null, "expression": null, "alias": null}]" dimensions="1338x7">
age,sex,bmi,children,smoker,region,charges
19,female,27.9,0,yes,southwest,16884.924
18,male,33.77,1,no,southeast,1725.5523
28,male,33.0,3,no,southeast,4449.462
33,male,22.705,0,no,northwest,21984.47061
32,male,28.88,0,no,northwest,3866.8552
</table>


The following functions have already been provided. Please use them as needed and do not redefine them.
<function>
def execute_sql_query(sql_query: str) -> pd.DataFrame
    """This method connects to the database, executes the sql query and returns the dataframe"""
</function>


The user asked the following question:
### QUERY
 how many rows and columns in dataset


You generated the following Python code:
Python
import pandas as pd
result = execute_sql_query('SELECT * FROM table_dc29090ae65f955145378a3142ce7920')
print(f'Number of rows: {len(result)}')
print(f'Number of columns: {len(result.columns)}')

However, it resulted in the following error:
Traceback (most recent call last):
  File "C:\Users\hp\Desktop\ai projects\Projects\.venv\Lib\site-packages\pandasai\core\code_execution\code_executor.py", line 29, in execute
    exec(code, self._environment)
  File "<string>", line 1, in <module>
NameError: name 'Python' is not defined

The above exception was the direct cause of the following exception:

Traceback (most recent call last):
  File "C:\Users\hp\Desktop\ai projects\Projects\.venv\Lib\site-packages\pandasai\agent\base.py", line 204, in execute_with_retries
    result = self.execute_code(code)
             ^^^^^^^^^^^^^^^^^^^^^^^
  File "C:\Users\hp\Desktop\ai projects\Projects\.venv\Lib\site-packages\pandasai\agent\base.py", line 135, in execute_code
    return code_executor.execute_and_return_result(code)
           ^^^^^^^^^^^^^^^^^^^^^^^^^^^^^^^^^^^^^^^^^^^^^
  File "C:\Users\hp\Desktop\ai projects\Projects\.venv\Lib\site-packages\pandasai\core\code_execution\code_executor.py", line 38, in execute_and_return_result
    self.execute(code)
  File "C:\Users\hp\Desktop\ai projects\Projects\.venv\Lib\site-packages\pandasai\core\code_execution\code_executor.py", line 31, in execute
    raise CodeExecutionError("Code execution failed") from e
pandasai.exceptions.CodeExecutionError: Code execution failed


Fix the python code above and return the new python code but the code generated should use execute_sql_query function
2026-01-16 21:57:50 [INFO] Code Generated:
Python
import pandas as pd

def execute_sql_query(sql_query: str) -> pd.DataFrame:
    """This method connects to the database, executes the sql query and returns the dataframe"""
    pass  # This function is not implemented in this example. You would need a connection to the duckdb database

# Get the table data from the previous code
table_data = """
<tables>

<table dialect="duckdb" table_name="table_dc29090ae65f955145378a3142ce7920" columns="[{"name": "age", "type": "integer", "description": null, "expression": null, "alias": null}, {"name": "sex", "type": "string", "description": null, "expression": null, "alias": null}, {"name": "bmi", "type": "float", "description": null, "expression": null, "alias": null}, {"name": "children", "type": "integer", "description": null, "expression": null, "alias": null}, {"name": "smoker", "type": "string", "description": null, "expression": null, "alias": null}, {"name": "region", "type": "string", "description": null, "expression": null, "alias": null}, {"name": "charges", "type": "float", "description": null, "expression": null, "alias": null}]" dimensions="1338x7">
age,sex,bmi,children,smoker,region,charges
19,female,27.9,0,yes,southwest,16884.924
18,male,33.77,1,no,southeast,1725.5523
28,male,33.0,3,no,southeast,4449.462
33,male,22.705,0,no,northwest,21984.47061
32,male,28.88,0,no,northwest,3866.8552
</table>


</tables>
"""

# Parse the table data into a pandas dataframe
df = pd.read_csv(pd.io.html.read_html(table_data)[0], skiprows=1)

# Get the number of rows and columns in the dataset
num_rows = df.shape[0]
num_cols = df.shape[1]

result = {"type": "string", "value": f"The dataset has {num_rows} rows and {num_cols} columns."}

print(result)
2026-01-16 21:57:50 [INFO] Validating code requirements...
2026-01-16 21:57:50 [INFO] An error occurred during code generation: The code must execute SQL queries using the `execute_sql_query` function, which is already defined!
2026-01-16 21:57:50 [INFO] Stack Trace:
Traceback (most recent call last):
  File "C:\Users\hp\Desktop\ai projects\Projects\.venv\Lib\site-packages\pandasai\agent\base.py", line 176, in generate_code_with_retries
    return self.generate_code(query)
           ^^^^^^^^^^^^^^^^^^^^^^^^^
  File "C:\Users\hp\Desktop\ai projects\Projects\.venv\Lib\site-packages\pandasai\agent\base.py", line 119, in generate_code
    code = self._code_generator.generate_code(prompt)
           ^^^^^^^^^^^^^^^^^^^^^^^^^^^^^^^^^^^^^^^^^^
  File "C:\Users\hp\Desktop\ai projects\Projects\.venv\Lib\site-packages\pandasai\core\code_generation\base.py", line 52, in generate_code
    raise e
  File "C:\Users\hp\Desktop\ai projects\Projects\.venv\Lib\site-packages\pandasai\core\code_generation\base.py", line 39, in generate_code
    cleaned_code = self.validate_and_clean_code(code)
                   ^^^^^^^^^^^^^^^^^^^^^^^^^^^^^^^^^^
  File "C:\Users\hp\Desktop\ai projects\Projects\.venv\Lib\site-packages\pandasai\core\code_generation\base.py", line 57, in validate_and_clean_code
    if not self._code_validator.validate(code):
           ^^^^^^^^^^^^^^^^^^^^^^^^^^^^^^^^^^^
  File "C:\Users\hp\Desktop\ai projects\Projects\.venv\Lib\site-packages\pandasai\core\code_generation\code_validation.py", line 63, in validate
    raise ExecuteSQLQueryNotUsed(
pandasai.exceptions.ExecuteSQLQueryNotUsed: The code must execute SQL queries using the `execute_sql_query` function, which is already defined!

During handling of the above exception, another exception occurred:

Traceback (most recent call last):
  File "C:\Users\hp\Desktop\ai projects\Projects\.venv\Lib\site-packages\pandasai\core\code_generation\base.py", line 39, in generate_code
    cleaned_code = self.validate_and_clean_code(code)
                   ^^^^^^^^^^^^^^^^^^^^^^^^^^^^^^^^^^
  File "C:\Users\hp\Desktop\ai projects\Projects\.venv\Lib\site-packages\pandasai\core\code_generation\base.py", line 57, in validate_and_clean_code
    if not self._code_validator.validate(code):
           ^^^^^^^^^^^^^^^^^^^^^^^^^^^^^^^^^^^
  File "C:\Users\hp\Desktop\ai projects\Projects\.venv\Lib\site-packages\pandasai\core\code_generation\code_validation.py", line 63, in validate
    raise ExecuteSQLQueryNotUsed(
pandasai.exceptions.ExecuteSQLQueryNotUsed: The code must execute SQL queries using the `execute_sql_query` function, which is already defined!

2026-01-16 21:57:50 [INFO] Retrying Code Generation (1/3)...
2026-01-16 21:57:50 [INFO] Execution failed with error: Traceback (most recent call last):
  File "C:\Users\hp\Desktop\ai projects\Projects\.venv\Lib\site-packages\pandasai\agent\base.py", line 176, in generate_code_with_retries
    return self.generate_code(query)
           ^^^^^^^^^^^^^^^^^^^^^^^^^
  File "C:\Users\hp\Desktop\ai projects\Projects\.venv\Lib\site-packages\pandasai\agent\base.py", line 119, in generate_code
    code = self._code_generator.generate_code(prompt)
           ^^^^^^^^^^^^^^^^^^^^^^^^^^^^^^^^^^^^^^^^^^
  File "C:\Users\hp\Desktop\ai projects\Projects\.venv\Lib\site-packages\pandasai\core\code_generation\base.py", line 52, in generate_code
    raise e
  File "C:\Users\hp\Desktop\ai projects\Projects\.venv\Lib\site-packages\pandasai\core\code_generation\base.py", line 39, in generate_code
    cleaned_code = self.validate_and_clean_code(code)
                   ^^^^^^^^^^^^^^^^^^^^^^^^^^^^^^^^^^
  File "C:\Users\hp\Desktop\ai projects\Projects\.venv\Lib\site-packages\pandasai\core\code_generation\base.py", line 57, in validate_and_clean_code
    if not self._code_validator.validate(code):
           ^^^^^^^^^^^^^^^^^^^^^^^^^^^^^^^^^^^
  File "C:\Users\hp\Desktop\ai projects\Projects\.venv\Lib\site-packages\pandasai\core\code_generation\code_validation.py", line 63, in validate
    raise ExecuteSQLQueryNotUsed(
pandasai.exceptions.ExecuteSQLQueryNotUsed: The code must execute SQL queries using the `execute_sql_query` function, which is already defined!

2026-01-16 21:57:50 [INFO] Using Prompt: <table dialect="duckdb" table_name="table_dc29090ae65f955145378a3142ce7920" columns="[{"name": "age", "type": "integer", "description": null, "expression": null, "alias": null}, {"name": "sex", "type": "string", "description": null, "expression": null, "alias": null}, {"name": "bmi", "type": "float", "description": null, "expression": null, "alias": null}, {"name": "children", "type": "integer", "description": null, "expression": null, "alias": null}, {"name": "smoker", "type": "string", "description": null, "expression": null, "alias": null}, {"name": "region", "type": "string", "description": null, "expression": null, "alias": null}, {"name": "charges", "type": "float", "description": null, "expression": null, "alias": null}]" dimensions="1338x7">
age,sex,bmi,children,smoker,region,charges
19,female,27.9,0,yes,southwest,16884.924
18,male,33.77,1,no,southeast,1725.5523
28,male,33.0,3,no,southeast,4449.462
33,male,22.705,0,no,northwest,21984.47061
32,male,28.88,0,no,northwest,3866.8552
</table>


The following functions have already been provided. Please use them as needed and do not redefine them.
<function>
def execute_sql_query(sql_query: str) -> pd.DataFrame
    """This method connects to the database, executes the sql query and returns the dataframe"""
</function>


The user asked the following question:
### QUERY
 how many rows and columns in dataset?



You generated the following Python code:
Python
import pandas as pd

def execute_sql_query(sql_query: str) -> pd.DataFrame:
    """This method connects to the database, executes the sql query and returns the dataframe"""
    pass  # This function is not implemented in this example. You would need a connection to the duckdb database

# Get the table data from the previous code
table_data = """
<tables>

<table dialect="duckdb" table_name="table_dc29090ae65f955145378a3142ce7920" columns="[{"name": "age", "type": "integer", "description": null, "expression": null, "alias": null}, {"name": "sex", "type": "string", "description": null, "expression": null, "alias": null}, {"name": "bmi", "type": "float", "description": null, "expression": null, "alias": null}, {"name": "children", "type": "integer", "description": null, "expression": null, "alias": null}, {"name": "smoker", "type": "string", "description": null, "expression": null, "alias": null}, {"name": "region", "type": "string", "description": null, "expression": null, "alias": null}, {"name": "charges", "type": "float", "description": null, "expression": null, "alias": null}]" dimensions="1338x7">
age,sex,bmi,children,smoker,region,charges
19,female,27.9,0,yes,southwest,16884.924
18,male,33.77,1,no,southeast,1725.5523
28,male,33.0,3,no,southeast,4449.462
33,male,22.705,0,no,northwest,21984.47061
32,male,28.88,0,no,northwest,3866.8552
</table>


</tables>
"""

# Parse the table data into a pandas dataframe
df = pd.read_csv(pd.io.html.read_html(table_data)[0], skiprows=1)

# Get the number of rows and columns in the dataset
num_rows = df.shape[0]
num_cols = df.shape[1]

result = {"type": "string", "value": f"The dataset has {num_rows} rows and {num_cols} columns."}

print(result)

However, it resulted in the following error:
Traceback (most recent call last):
  File "C:\Users\hp\Desktop\ai projects\Projects\.venv\Lib\site-packages\pandasai\agent\base.py", line 176, in generate_code_with_retries
    return self.generate_code(query)
           ^^^^^^^^^^^^^^^^^^^^^^^^^
  File "C:\Users\hp\Desktop\ai projects\Projects\.venv\Lib\site-packages\pandasai\agent\base.py", line 119, in generate_code
    code = self._code_generator.generate_code(prompt)
           ^^^^^^^^^^^^^^^^^^^^^^^^^^^^^^^^^^^^^^^^^^
  File "C:\Users\hp\Desktop\ai projects\Projects\.venv\Lib\site-packages\pandasai\core\code_generation\base.py", line 52, in generate_code
    raise e
  File "C:\Users\hp\Desktop\ai projects\Projects\.venv\Lib\site-packages\pandasai\core\code_generation\base.py", line 39, in generate_code
    cleaned_code = self.validate_and_clean_code(code)
                   ^^^^^^^^^^^^^^^^^^^^^^^^^^^^^^^^^^
  File "C:\Users\hp\Desktop\ai projects\Projects\.venv\Lib\site-packages\pandasai\core\code_generation\base.py", line 57, in validate_and_clean_code
    if not self._code_validator.validate(code):
           ^^^^^^^^^^^^^^^^^^^^^^^^^^^^^^^^^^^
  File "C:\Users\hp\Desktop\ai projects\Projects\.venv\Lib\site-packages\pandasai\core\code_generation\code_validation.py", line 63, in validate
    raise ExecuteSQLQueryNotUsed(
pandasai.exceptions.ExecuteSQLQueryNotUsed: The code must execute SQL queries using the `execute_sql_query` function, which is already defined!


Fix the python code above and return the new python code but the code generated should use execute_sql_query function
2026-01-16 21:58:01 [INFO] Code Generated:
import pandas as pd

result = execute_sql_query('SELECT * FROM table_dc29090ae65f955145378a3142ce7920')
print(f'Number of rows: {len(result)}')
print(f'Number of columns: {len(result.columns)}')
2026-01-16 21:58:01 [INFO] Validating code requirements...
2026-01-16 21:58:01 [INFO] Code validation successful.
2026-01-16 21:58:01 [INFO] Cleaning the generated code...
2026-01-16 21:58:01 [INFO] Executing code: import pandas as pd
result = execute_sql_query('SELECT * FROM table_dc29090ae65f955145378a3142ce7920')
print(f'Number of rows: {len(result)}')
print(f'Number of columns: {len(result.columns)}')
2026-01-16 21:58:01 [INFO] Retrying execution (3/3)...
2026-01-16 21:58:01 [INFO] Execution failed with error: Traceback (most recent call last):
  File "C:\Users\hp\Desktop\ai projects\Projects\.venv\Lib\site-packages\pandasai\agent\base.py", line 205, in execute_with_retries
    return self._response_parser.parse(result, code)
           ^^^^^^^^^^^^^^^^^^^^^^^^^^^^^^^^^^^^^^^^^
  File "C:\Users\hp\Desktop\ai projects\Projects\.venv\Lib\site-packages\pandasai\core\response\parser.py", line 17, in parse
    self._validate_response(result)
  File "C:\Users\hp\Desktop\ai projects\Projects\.venv\Lib\site-packages\pandasai\core\response\parser.py", line 38, in _validate_response
    raise InvalidOutputValueMismatch(
pandasai.exceptions.InvalidOutputValueMismatch: Result must be in the format of dictionary of type and value like `result = {"type": ..., "value": ... }`

2026-01-16 21:58:01 [INFO] Using Prompt: <table dialect="duckdb" table_name="table_dc29090ae65f955145378a3142ce7920" columns="[{"name": "age", "type": "integer", "description": null, "expression": null, "alias": null}, {"name": "sex", "type": "string", "description": null, "expression": null, "alias": null}, {"name": "bmi", "type": "float", "description": null, "expression": null, "alias": null}, {"name": "children", "type": "integer", "description": null, "expression": null, "alias": null}, {"name": "smoker", "type": "string", "description": null, "expression": null, "alias": null}, {"name": "region", "type": "string", "description": null, "expression": null, "alias": null}, {"name": "charges", "type": "float", "description": null, "expression": null, "alias": null}]" dimensions="1338x7">
age,sex,bmi,children,smoker,region,charges
19,female,27.9,0,yes,southwest,16884.924
18,male,33.77,1,no,southeast,1725.5523
28,male,33.0,3,no,southeast,4449.462
33,male,22.705,0,no,northwest,21984.47061
32,male,28.88,0,no,northwest,3866.8552
</table>


The following functions have already been provided. Please use them as needed and do not redefine them.
<function>
def execute_sql_query(sql_query: str) -> pd.DataFrame
    """This method connects to the database, executes the sql query and returns the dataframe"""
</function>


The user asked the following question:
### QUERY
 how many rows and columns in dataset


You generated the following Python code:
import pandas as pd
result = execute_sql_query('SELECT * FROM table_dc29090ae65f955145378a3142ce7920')
print(f'Number of rows: {len(result)}')
print(f'Number of columns: {len(result.columns)}')

However, it resulted in the following error:
Traceback (most recent call last):
  File "C:\Users\hp\Desktop\ai projects\Projects\.venv\Lib\site-packages\pandasai\agent\base.py", line 205, in execute_with_retries
    return self._response_parser.parse(result, code)
           ^^^^^^^^^^^^^^^^^^^^^^^^^^^^^^^^^^^^^^^^^
  File "C:\Users\hp\Desktop\ai projects\Projects\.venv\Lib\site-packages\pandasai\core\response\parser.py", line 17, in parse
    self._validate_response(result)
  File "C:\Users\hp\Desktop\ai projects\Projects\.venv\Lib\site-packages\pandasai\core\response\parser.py", line 38, in _validate_response
    raise InvalidOutputValueMismatch(
pandasai.exceptions.InvalidOutputValueMismatch: Result must be in the format of dictionary of type and value like `result = {"type": ..., "value": ... }`


Fix the python code above and return the new python code but the code generated should use execute_sql_query function
2026-01-16 21:59:09 [INFO] Code Generated:
import pandas as pd

def execute_sql_query(sql_query: str) -> pd.DataFrame:
    """This method connects to the database, executes the sql query and returns the dataframe"""
    # Your implementation of this function goes here
    pass  # This is just a placeholder for now

# Get the table data from the previous code
table_data = """
<tables>

<table dialect="duckdb" table_name="table_dc29090ae65f955145378a3142ce7920" columns="[{"name": "age", "type": "integer", "description": null, "expression": null, "alias": null}, {"name": "sex", "type": "string", "description": null, "expression": null, "alias": null}, {"name": "bmi", "type": "float", "description": null, "expression": null, "alias": null}, {"name": "children", "type": "integer", "description": null, "expression": null, "alias": null}, {"name": "smoker", "type": "string", "description": null, "expression": null, "alias": null}, {"name": "region", "type": "string", "description": null, "expression": null, "alias": null}, {"name": "charges", "type": "float", "description": null, "expression": null, "alias": null}]" dimensions="1338x7">
age,sex,bmi,children,smoker,region,charges
19,female,27.9,0,yes,southwest,16884.924
18,male,33.77,1,no,southeast,1725.5523
28,male,33.0,3,no,southeast,4449.462
33,male,22.705,0,no,northwest,21984.47061
32,male,28.88,0,no,northwest,3866.8552
</table>


</tables>
"""

# Parse the table data into a pandas dataframe
df = pd.read_csv(pd.io.html.read_html(table_data)[0], skiprows=1)

# Get the number of rows and columns in the dataset
num_rows = df.shape[0]
num_cols = df.shape[1]

# Execute SQL query to get the number of rows and columns
query = "SELECT COUNT(*) AS num_rows, COUNT(DISTINCT COLUMN_NAME) AS num_cols FROM INFORMATION_SCHEMA.COLUMNS WHERE TABLE_NAME = 'table_dc29090ae65f955145378a3142ce7920' AND TABLE_SCHEMA = 'public';"
result_df = execute_sql_query(query)

# Extract the result from the dataframe
num_rows = int(result_df.iloc[0]['num_rows'])
num_cols = int(result_df.iloc[0]['num_cols'])

result = {"type": "string", "value": f"The dataset has {num_rows} rows and {num_cols} columns."}

print(result)
2026-01-16 21:59:09 [INFO] Validating code requirements...
2026-01-16 21:59:09 [INFO] Code validation successful.
2026-01-16 21:59:09 [INFO] Cleaning the generated code...
2026-01-16 21:59:09 [INFO] An error occurred during code generation: Query uses unauthorized table: COLUMNS.
2026-01-16 21:59:09 [INFO] Stack Trace:
Traceback (most recent call last):
  File "C:\Users\hp\Desktop\ai projects\Projects\.venv\Lib\site-packages\pandasai\agent\base.py", line 176, in generate_code_with_retries
    return self.generate_code(query)
           ^^^^^^^^^^^^^^^^^^^^^^^^^
  File "C:\Users\hp\Desktop\ai projects\Projects\.venv\Lib\site-packages\pandasai\agent\base.py", line 119, in generate_code
    code = self._code_generator.generate_code(prompt)
           ^^^^^^^^^^^^^^^^^^^^^^^^^^^^^^^^^^^^^^^^^^
  File "C:\Users\hp\Desktop\ai projects\Projects\.venv\Lib\site-packages\pandasai\core\code_generation\base.py", line 52, in generate_code
    raise e
  File "C:\Users\hp\Desktop\ai projects\Projects\.venv\Lib\site-packages\pandasai\core\code_generation\base.py", line 39, in generate_code
    cleaned_code = self.validate_and_clean_code(code)
                   ^^^^^^^^^^^^^^^^^^^^^^^^^^^^^^^^^^
  File "C:\Users\hp\Desktop\ai projects\Projects\.venv\Lib\site-packages\pandasai\core\code_generation\base.py", line 57, in validate_and_clean_code
    if not self._code_validator.validate(code):
           ^^^^^^^^^^^^^^^^^^^^^^^^^^^^^^^^^^^
  File "C:\Users\hp\Desktop\ai projects\Projects\.venv\Lib\site-packages\pandasai\core\code_generation\code_validation.py", line 63, in validate
    raise ExecuteSQLQueryNotUsed(
pandasai.exceptions.ExecuteSQLQueryNotUsed: The code must execute SQL queries using the `execute_sql_query` function, which is already defined!

During handling of the above exception, another exception occurred:

Traceback (most recent call last):
  File "C:\Users\hp\Desktop\ai projects\Projects\.venv\Lib\site-packages\pandasai\core\code_generation\base.py", line 39, in generate_code
    cleaned_code = self.validate_and_clean_code(code)
                   ^^^^^^^^^^^^^^^^^^^^^^^^^^^^^^^^^^
  File "C:\Users\hp\Desktop\ai projects\Projects\.venv\Lib\site-packages\pandasai\core\code_generation\base.py", line 63, in validate_and_clean_code
    return self._code_cleaner.clean_code(code)
           ^^^^^^^^^^^^^^^^^^^^^^^^^^^^^^^^^^^
  File "C:\Users\hp\Desktop\ai projects\Projects\.venv\Lib\site-packages\pandasai\core\code_generation\code_cleaning.py", line 164, in clean_code
    node = self._validate_and_make_table_name_case_sensitive(node)
           ^^^^^^^^^^^^^^^^^^^^^^^^^^^^^^^^^^^^^^^^^^^^^^^^^^^^^^^
  File "C:\Users\hp\Desktop\ai projects\Projects\.venv\Lib\site-packages\pandasai\core\code_generation\code_cleaning.py", line 86, in _validate_and_make_table_name_case_sensitive
    sql_query = self._clean_sql_query(node.value.value)
                ^^^^^^^^^^^^^^^^^^^^^^^^^^^^^^^^^^^^^^^
  File "C:\Users\hp\Desktop\ai projects\Projects\.venv\Lib\site-packages\pandasai\core\code_generation\code_cleaning.py", line 73, in _clean_sql_query
    return self._replace_table_names(sql_query, table_names, allowed_table_names)
           ^^^^^^^^^^^^^^^^^^^^^^^^^^^^^^^^^^^^^^^^^^^^^^^^^^^^^^^^^^^^^^^^^^^^^^
  File "C:\Users\hp\Desktop\ai projects\Projects\.venv\Lib\site-packages\pandasai\core\code_generation\code_cleaning.py", line 57, in _replace_table_names
    raise MaliciousQueryError(
pandasai.exceptions.MaliciousQueryError: Query uses unauthorized table: COLUMNS.

2026-01-16 21:59:09 [INFO] Retrying Code Generation (2/3)...
2026-01-16 21:59:09 [INFO] Execution failed with error: Traceback (most recent call last):
  File "C:\Users\hp\Desktop\ai projects\Projects\.venv\Lib\site-packages\pandasai\agent\base.py", line 176, in generate_code_with_retries
    return self.generate_code(query)
           ^^^^^^^^^^^^^^^^^^^^^^^^^
  File "C:\Users\hp\Desktop\ai projects\Projects\.venv\Lib\site-packages\pandasai\agent\base.py", line 119, in generate_code
    code = self._code_generator.generate_code(prompt)
           ^^^^^^^^^^^^^^^^^^^^^^^^^^^^^^^^^^^^^^^^^^
  File "C:\Users\hp\Desktop\ai projects\Projects\.venv\Lib\site-packages\pandasai\core\code_generation\base.py", line 52, in generate_code
    raise e
  File "C:\Users\hp\Desktop\ai projects\Projects\.venv\Lib\site-packages\pandasai\core\code_generation\base.py", line 39, in generate_code
    cleaned_code = self.validate_and_clean_code(code)
                   ^^^^^^^^^^^^^^^^^^^^^^^^^^^^^^^^^^
  File "C:\Users\hp\Desktop\ai projects\Projects\.venv\Lib\site-packages\pandasai\core\code_generation\base.py", line 57, in validate_and_clean_code
    if not self._code_validator.validate(code):
           ^^^^^^^^^^^^^^^^^^^^^^^^^^^^^^^^^^^
  File "C:\Users\hp\Desktop\ai projects\Projects\.venv\Lib\site-packages\pandasai\core\code_generation\code_validation.py", line 63, in validate
    raise ExecuteSQLQueryNotUsed(
pandasai.exceptions.ExecuteSQLQueryNotUsed: The code must execute SQL queries using the `execute_sql_query` function, which is already defined!

2026-01-16 21:59:09 [INFO] Using Prompt: <table dialect="duckdb" table_name="table_dc29090ae65f955145378a3142ce7920" columns="[{"name": "age", "type": "integer", "description": null, "expression": null, "alias": null}, {"name": "sex", "type": "string", "description": null, "expression": null, "alias": null}, {"name": "bmi", "type": "float", "description": null, "expression": null, "alias": null}, {"name": "children", "type": "integer", "description": null, "expression": null, "alias": null}, {"name": "smoker", "type": "string", "description": null, "expression": null, "alias": null}, {"name": "region", "type": "string", "description": null, "expression": null, "alias": null}, {"name": "charges", "type": "float", "description": null, "expression": null, "alias": null}]" dimensions="1338x7">
age,sex,bmi,children,smoker,region,charges
19,female,27.9,0,yes,southwest,16884.924
18,male,33.77,1,no,southeast,1725.5523
28,male,33.0,3,no,southeast,4449.462
33,male,22.705,0,no,northwest,21984.47061
32,male,28.88,0,no,northwest,3866.8552
</table>


The following functions have already been provided. Please use them as needed and do not redefine them.
<function>
def execute_sql_query(sql_query: str) -> pd.DataFrame
    """This method connects to the database, executes the sql query and returns the dataframe"""
</function>


The user asked the following question:
### QUERY
 how many rows and columns in dataset?



You generated the following Python code:
import pandas as pd

def execute_sql_query(sql_query: str) -> pd.DataFrame:
    """This method connects to the database, executes the sql query and returns the dataframe"""
    # Your implementation of this function goes here
    pass  # This is just a placeholder for now

# Get the table data from the previous code
table_data = """
<tables>

<table dialect="duckdb" table_name="table_dc29090ae65f955145378a3142ce7920" columns="[{"name": "age", "type": "integer", "description": null, "expression": null, "alias": null}, {"name": "sex", "type": "string", "description": null, "expression": null, "alias": null}, {"name": "bmi", "type": "float", "description": null, "expression": null, "alias": null}, {"name": "children", "type": "integer", "description": null, "expression": null, "alias": null}, {"name": "smoker", "type": "string", "description": null, "expression": null, "alias": null}, {"name": "region", "type": "string", "description": null, "expression": null, "alias": null}, {"name": "charges", "type": "float", "description": null, "expression": null, "alias": null}]" dimensions="1338x7">
age,sex,bmi,children,smoker,region,charges
19,female,27.9,0,yes,southwest,16884.924
18,male,33.77,1,no,southeast,1725.5523
28,male,33.0,3,no,southeast,4449.462
33,male,22.705,0,no,northwest,21984.47061
32,male,28.88,0,no,northwest,3866.8552
</table>


</tables>
"""

# Parse the table data into a pandas dataframe
df = pd.read_csv(pd.io.html.read_html(table_data)[0], skiprows=1)

# Get the number of rows and columns in the dataset
num_rows = df.shape[0]
num_cols = df.shape[1]

# Execute SQL query to get the number of rows and columns
query = "SELECT COUNT(*) AS num_rows, COUNT(DISTINCT COLUMN_NAME) AS num_cols FROM INFORMATION_SCHEMA.COLUMNS WHERE TABLE_NAME = 'table_dc29090ae65f955145378a3142ce7920' AND TABLE_SCHEMA = 'public';"
result_df = execute_sql_query(query)

# Extract the result from the dataframe
num_rows = int(result_df.iloc[0]['num_rows'])
num_cols = int(result_df.iloc[0]['num_cols'])

result = {"type": "string", "value": f"The dataset has {num_rows} rows and {num_cols} columns."}

print(result)

However, it resulted in the following error:
Traceback (most recent call last):
  File "C:\Users\hp\Desktop\ai projects\Projects\.venv\Lib\site-packages\pandasai\agent\base.py", line 176, in generate_code_with_retries
    return self.generate_code(query)
           ^^^^^^^^^^^^^^^^^^^^^^^^^
  File "C:\Users\hp\Desktop\ai projects\Projects\.venv\Lib\site-packages\pandasai\agent\base.py", line 119, in generate_code
    code = self._code_generator.generate_code(prompt)
           ^^^^^^^^^^^^^^^^^^^^^^^^^^^^^^^^^^^^^^^^^^
  File "C:\Users\hp\Desktop\ai projects\Projects\.venv\Lib\site-packages\pandasai\core\code_generation\base.py", line 52, in generate_code
    raise e
  File "C:\Users\hp\Desktop\ai projects\Projects\.venv\Lib\site-packages\pandasai\core\code_generation\base.py", line 39, in generate_code
    cleaned_code = self.validate_and_clean_code(code)
                   ^^^^^^^^^^^^^^^^^^^^^^^^^^^^^^^^^^
  File "C:\Users\hp\Desktop\ai projects\Projects\.venv\Lib\site-packages\pandasai\core\code_generation\base.py", line 57, in validate_and_clean_code
    if not self._code_validator.validate(code):
           ^^^^^^^^^^^^^^^^^^^^^^^^^^^^^^^^^^^
  File "C:\Users\hp\Desktop\ai projects\Projects\.venv\Lib\site-packages\pandasai\core\code_generation\code_validation.py", line 63, in validate
    raise ExecuteSQLQueryNotUsed(
pandasai.exceptions.ExecuteSQLQueryNotUsed: The code must execute SQL queries using the `execute_sql_query` function, which is already defined!


Fix the python code above and return the new python code but the code generated should use execute_sql_query function
2026-01-16 22:00:46 [INFO] Question: draw a histogram of age column


2026-01-16 22:00:46 [INFO] Running PandasAI with ollama LLM...
2026-01-16 22:00:46 [INFO] Prompt ID: d06f9588-e2d1-4f24-978f-123f7210039a
2026-01-16 22:00:46 [INFO] Generating new code...
2026-01-16 22:00:46 [INFO] Using Prompt: <tables>

<table dialect="duckdb" table_name="table_dc29090ae65f955145378a3142ce7920" columns="[{"name": "age", "type": "integer", "description": null, "expression": null, "alias": null}, {"name": "sex", "type": "string", "description": null, "expression": null, "alias": null}, {"name": "bmi", "type": "float", "description": null, "expression": null, "alias": null}, {"name": "children", "type": "integer", "description": null, "expression": null, "alias": null}, {"name": "smoker", "type": "string", "description": null, "expression": null, "alias": null}, {"name": "region", "type": "string", "description": null, "expression": null, "alias": null}, {"name": "charges", "type": "float", "description": null, "expression": null, "alias": null}]" dimensions="1338x7">
age,sex,bmi,children,smoker,region,charges
19,female,27.9,0,yes,southwest,16884.924
18,male,33.77,1,no,southeast,1725.5523
28,male,33.0,3,no,southeast,4449.462
33,male,22.705,0,no,northwest,21984.47061
32,male,28.88,0,no,northwest,3866.8552
</table>


</tables>

The following functions have already been provided. Please use them as needed and do not redefine them.
<function>
def execute_sql_query(sql_query: str) -> pd.DataFrame
    """This method connects to the database, executes the sql query and returns the dataframe"""
</function>



Update this initial code:
```python
# TODO: import the required dependencies
import pandas as pd

# Write code here

# Declare result var: 
type (possible values "string", "number", "dataframe", "plot"). Examples: { "type": "string", "value": f"The highest salary is {highest_salary}." } or { "type": "number", "value": 125 } or { "type": "dataframe", "value": pd.DataFrame({...}) } or { "type": "plot", "value": "temp_chart.png" }

```



### QUERY
 draw a histogram of age column



At the end, declare "result" variable as a dictionary of type and value in the following format:

type (possible values "string", "number", "dataframe", "plot"). Examples: { "type": "string", "value": f"The highest salary is {highest_salary}." } or { "type": "number", "value": 125 } or { "type": "dataframe", "value": pd.DataFrame({...}) } or { "type": "plot", "value": "temp_chart.png" }



Generate python code and return full updated code:

### Note: Use only relevant table for query and do aggregation, sorting, joins and grouby through sql query
2026-01-16 22:01:00 [INFO] Code Generated:
import pandas as pd

# Load the data from the DuckDB table
data = execute_sql_query("SELECT * FROM table_dc29090ae65f955145378a3142ce7920")

# Draw a histogram of the age column
result = {"type": "plot", "value": "age_histogram.png"}
pd.DataFrame(data).age.plot(kind='hist')

print(result)
2026-01-16 22:01:00 [INFO] Validating code requirements...
2026-01-16 22:01:00 [INFO] Code validation successful.
2026-01-16 22:01:00 [INFO] Cleaning the generated code...
2026-01-16 22:01:00 [INFO] Executing code: import pandas as pd
data = execute_sql_query('SELECT * FROM table_dc29090ae65f955145378a3142ce7920')
result = {'type': 'plot', 'value': 'exports\\charts\\temp_chart_879534cb-3b7f-4e56-bdc6-a176f27bde0a.png'}
pd.DataFrame(data).age.plot(kind='hist')
print(result)
2026-01-16 22:01:01 [INFO] Response generated successfully.
2026-01-16 22:02:18 [INFO] Question: draw histogram of age column
2026-01-16 22:02:18 [INFO] Running PandasAI with ollama LLM...
2026-01-16 22:02:18 [INFO] Prompt ID: 4578c16a-1a57-4c11-9215-8828a9b097c4
2026-01-16 22:02:18 [INFO] Generating new code...
2026-01-16 22:02:18 [INFO] Using Prompt: <tables>

<table dialect="duckdb" table_name="table_dc29090ae65f955145378a3142ce7920" columns="[{"name": "age", "type": "integer", "description": null, "expression": null, "alias": null}, {"name": "sex", "type": "string", "description": null, "expression": null, "alias": null}, {"name": "bmi", "type": "float", "description": null, "expression": null, "alias": null}, {"name": "children", "type": "integer", "description": null, "expression": null, "alias": null}, {"name": "smoker", "type": "string", "description": null, "expression": null, "alias": null}, {"name": "region", "type": "string", "description": null, "expression": null, "alias": null}, {"name": "charges", "type": "float", "description": null, "expression": null, "alias": null}]" dimensions="1338x7">
age,sex,bmi,children,smoker,region,charges
19,female,27.9,0,yes,southwest,16884.924
18,male,33.77,1,no,southeast,1725.5523
28,male,33.0,3,no,southeast,4449.462
33,male,22.705,0,no,northwest,21984.47061
32,male,28.88,0,no,northwest,3866.8552
</table>


</tables>

The following functions have already been provided. Please use them as needed and do not redefine them.
<function>
def execute_sql_query(sql_query: str) -> pd.DataFrame
    """This method connects to the database, executes the sql query and returns the dataframe"""
</function>



Update this initial code:
```python
# TODO: import the required dependencies
import pandas as pd

# Write code here

# Declare result var: 
type (possible values "string", "number", "dataframe", "plot"). Examples: { "type": "string", "value": f"The highest salary is {highest_salary}." } or { "type": "number", "value": 125 } or { "type": "dataframe", "value": pd.DataFrame({...}) } or { "type": "plot", "value": "temp_chart.png" }

```



### QUERY
 draw histogram of age column

At the end, declare "result" variable as a dictionary of type and value in the following format:

type (possible values "string", "number", "dataframe", "plot"). Examples: { "type": "string", "value": f"The highest salary is {highest_salary}." } or { "type": "number", "value": 125 } or { "type": "dataframe", "value": pd.DataFrame({...}) } or { "type": "plot", "value": "temp_chart.png" }



Generate python code and return full updated code:

### Note: Use only relevant table for query and do aggregation, sorting, joins and grouby through sql query
2026-01-16 22:02:48 [INFO] Code Generated:
# TODO: import the required dependencies
import pandas as pd

def execute_sql_query(sql_query: str) -> pd.DataFrame:
    """This method connects to the database, executes the sql query and returns the dataframe"""
    # TO DO: implement this function
    pass

# Declare result var: 
result = {}

# Generate SQL query to draw histogram of age column
sql_query = f"SELECT * FROM table_dc29090ae65f955145378a3142ce7920"
df = execute_sql_query(sql_query)

# Create a histogram plot using matplotlib
import matplotlib.pyplot as plt

plt.hist(df['age'], bins=30)
plt.title("Histogram of Age")
plt.xlabel("Age")
plt.ylabel("Frequency")

# Save the plot to a file
plot_file = "age_histogram.png"
plt.savefig(plot_file)

# Update result variable with the plot file name
result = {"type": "plot", "value": plot_file}

print(result)
2026-01-16 22:02:48 [INFO] Validating code requirements...
2026-01-16 22:02:48 [INFO] Code validation successful.
2026-01-16 22:02:48 [INFO] Cleaning the generated code...
2026-01-16 22:02:48 [INFO] Executing code: import pandas as pd
result = {}
sql_query = f'SELECT * FROM table_dc29090ae65f955145378a3142ce7920'
df = execute_sql_query(sql_query)
import matplotlib.pyplot as plt
plt.hist(df['age'], bins=30)
plt.title('Histogram of Age')
plt.xlabel('Age')
plt.ylabel('Frequency')
plot_file = 'exports\\charts\\temp_chart_773ea97f-6597-4d9d-a9b6-cf4af54bf1f1.png'
plt.savefig(plot_file)
result = {'type': 'plot', 'value': plot_file}
print(result)
2026-01-16 22:02:48 [INFO] Response generated successfully.
2026-01-16 22:03:38 [INFO] Question: what is the shape of dataset?
2026-01-16 22:03:38 [INFO] Running PandasAI with ollama LLM...
2026-01-16 22:03:38 [INFO] Prompt ID: 95f366c2-fa51-4d4d-a2fb-5781d8a4e550
2026-01-16 22:03:38 [INFO] Generating new code...
2026-01-16 22:03:38 [INFO] Using Prompt: <tables>

<table dialect="duckdb" table_name="table_dc29090ae65f955145378a3142ce7920" columns="[{"name": "age", "type": "integer", "description": null, "expression": null, "alias": null}, {"name": "sex", "type": "string", "description": null, "expression": null, "alias": null}, {"name": "bmi", "type": "float", "description": null, "expression": null, "alias": null}, {"name": "children", "type": "integer", "description": null, "expression": null, "alias": null}, {"name": "smoker", "type": "string", "description": null, "expression": null, "alias": null}, {"name": "region", "type": "string", "description": null, "expression": null, "alias": null}, {"name": "charges", "type": "float", "description": null, "expression": null, "alias": null}]" dimensions="1338x7">
age,sex,bmi,children,smoker,region,charges
19,female,27.9,0,yes,southwest,16884.924
18,male,33.77,1,no,southeast,1725.5523
28,male,33.0,3,no,southeast,4449.462
33,male,22.705,0,no,northwest,21984.47061
32,male,28.88,0,no,northwest,3866.8552
</table>


</tables>

The following functions have already been provided. Please use them as needed and do not redefine them.
<function>
def execute_sql_query(sql_query: str) -> pd.DataFrame
    """This method connects to the database, executes the sql query and returns the dataframe"""
</function>



Update this initial code:
```python
# TODO: import the required dependencies
import pandas as pd

# Write code here

# Declare result var: 
type (possible values "string", "number", "dataframe", "plot"). Examples: { "type": "string", "value": f"The highest salary is {highest_salary}." } or { "type": "number", "value": 125 } or { "type": "dataframe", "value": pd.DataFrame({...}) } or { "type": "plot", "value": "temp_chart.png" }

```



### QUERY
 what is the shape of dataset?

At the end, declare "result" variable as a dictionary of type and value in the following format:

type (possible values "string", "number", "dataframe", "plot"). Examples: { "type": "string", "value": f"The highest salary is {highest_salary}." } or { "type": "number", "value": 125 } or { "type": "dataframe", "value": pd.DataFrame({...}) } or { "type": "plot", "value": "temp_chart.png" }



Generate python code and return full updated code:

### Note: Use only relevant table for query and do aggregation, sorting, joins and grouby through sql query
2026-01-16 22:03:59 [INFO] Code Generated:
import pandas as pd

# Define the function to execute SQL queries
def execute_sql_query(sql_query: str) -> pd.DataFrame:
    # TO DO: implement this function
    pass

result = {}

# Execute a SQL query to get the shape of the dataset
query = "SELECT * FROM table_dc29090ae65f955145378a3142ce7920 LIMIT 1"
df = execute_sql_query(query)

# Get the shape of the dataset
shape = df.shape

# Declare the result variable
result = {"type": "string", "value": f"The shape of the dataset is {shape[0]} rows and {shape[1]} columns."}

print(result)
2026-01-16 22:03:59 [INFO] Validating code requirements...
2026-01-16 22:03:59 [INFO] Code validation successful.
2026-01-16 22:03:59 [INFO] Cleaning the generated code...
2026-01-16 22:03:59 [INFO] Executing code: import pandas as pd
result = {}
query = 'SELECT * FROM table_dc29090ae65f955145378a3142ce7920 LIMIT 1'
df = execute_sql_query(query)
shape = df.shape
result = {'type': 'string', 'value': f'The shape of the dataset is {shape[0]} rows and {shape[1]} columns.'}
print(result)
2026-01-16 22:03:59 [INFO] Response generated successfully.
2026-01-16 22:04:30 [INFO] Question: what is average age ?
2026-01-16 22:04:30 [INFO] Running PandasAI with ollama LLM...
2026-01-16 22:04:30 [INFO] Prompt ID: dcc14c3e-7f6f-4ad0-bf28-20a008cc132d
2026-01-16 22:04:30 [INFO] Generating new code...
2026-01-16 22:04:30 [INFO] Using Prompt: <tables>

<table dialect="duckdb" table_name="table_dc29090ae65f955145378a3142ce7920" columns="[{"name": "age", "type": "integer", "description": null, "expression": null, "alias": null}, {"name": "sex", "type": "string", "description": null, "expression": null, "alias": null}, {"name": "bmi", "type": "float", "description": null, "expression": null, "alias": null}, {"name": "children", "type": "integer", "description": null, "expression": null, "alias": null}, {"name": "smoker", "type": "string", "description": null, "expression": null, "alias": null}, {"name": "region", "type": "string", "description": null, "expression": null, "alias": null}, {"name": "charges", "type": "float", "description": null, "expression": null, "alias": null}]" dimensions="1338x7">
age,sex,bmi,children,smoker,region,charges
19,female,27.9,0,yes,southwest,16884.924
18,male,33.77,1,no,southeast,1725.5523
28,male,33.0,3,no,southeast,4449.462
33,male,22.705,0,no,northwest,21984.47061
32,male,28.88,0,no,northwest,3866.8552
</table>


</tables>

The following functions have already been provided. Please use them as needed and do not redefine them.
<function>
def execute_sql_query(sql_query: str) -> pd.DataFrame
    """This method connects to the database, executes the sql query and returns the dataframe"""
</function>



Update this initial code:
```python
# TODO: import the required dependencies
import pandas as pd

# Write code here

# Declare result var: 
type (possible values "string", "number", "dataframe", "plot"). Examples: { "type": "string", "value": f"The highest salary is {highest_salary}." } or { "type": "number", "value": 125 } or { "type": "dataframe", "value": pd.DataFrame({...}) } or { "type": "plot", "value": "temp_chart.png" }

```



### QUERY
 what is average age ?

At the end, declare "result" variable as a dictionary of type and value in the following format:

type (possible values "string", "number", "dataframe", "plot"). Examples: { "type": "string", "value": f"The highest salary is {highest_salary}." } or { "type": "number", "value": 125 } or { "type": "dataframe", "value": pd.DataFrame({...}) } or { "type": "plot", "value": "temp_chart.png" }



Generate python code and return full updated code:

### Note: Use only relevant table for query and do aggregation, sorting, joins and grouby through sql query
2026-01-16 22:04:51 [INFO] Code Generated:
# Import required dependencies
import pandas as pd

# Define the function to execute SQL queries
def execute_sql_query(sql_query: str) -> pd.DataFrame:
    # TO DO: implement the function logic here
    pass

# Declare result variable
result = {}

# Query: What is the average age?
sql_query = "SELECT AVG(age) FROM table_dc29090ae65f955145378a3142ce7920"
df = execute_sql_query(sql_query)
average_age = df.iloc[0, 0]

result = {"type": "number", "value": average_age}

print(result)
2026-01-16 22:04:51 [INFO] Validating code requirements...
2026-01-16 22:04:51 [INFO] Code validation successful.
2026-01-16 22:04:51 [INFO] Cleaning the generated code...
2026-01-16 22:04:51 [INFO] Executing code: import pandas as pd
result = {}
sql_query = 'SELECT AVG(age) FROM table_dc29090ae65f955145378a3142ce7920'
df = execute_sql_query(sql_query)
average_age = df.iloc[0, 0]
result = {'type': 'number', 'value': average_age}
print(result)
2026-01-16 22:04:52 [INFO] Response generated successfully.
2026-01-16 22:05:23 [INFO] Question: average charges?
2026-01-16 22:05:23 [INFO] Running PandasAI with ollama LLM...
2026-01-16 22:05:23 [INFO] Prompt ID: 421bb617-b3b6-4a41-ae57-456bdcec8fc2
2026-01-16 22:05:23 [INFO] Generating new code...
2026-01-16 22:05:23 [INFO] Using Prompt: <tables>

<table dialect="duckdb" table_name="table_dc29090ae65f955145378a3142ce7920" columns="[{"name": "age", "type": "integer", "description": null, "expression": null, "alias": null}, {"name": "sex", "type": "string", "description": null, "expression": null, "alias": null}, {"name": "bmi", "type": "float", "description": null, "expression": null, "alias": null}, {"name": "children", "type": "integer", "description": null, "expression": null, "alias": null}, {"name": "smoker", "type": "string", "description": null, "expression": null, "alias": null}, {"name": "region", "type": "string", "description": null, "expression": null, "alias": null}, {"name": "charges", "type": "float", "description": null, "expression": null, "alias": null}]" dimensions="1338x7">
age,sex,bmi,children,smoker,region,charges
19,female,27.9,0,yes,southwest,16884.924
18,male,33.77,1,no,southeast,1725.5523
28,male,33.0,3,no,southeast,4449.462
33,male,22.705,0,no,northwest,21984.47061
32,male,28.88,0,no,northwest,3866.8552
</table>


</tables>

The following functions have already been provided. Please use them as needed and do not redefine them.
<function>
def execute_sql_query(sql_query: str) -> pd.DataFrame
    """This method connects to the database, executes the sql query and returns the dataframe"""
</function>



Update this initial code:
```python
# TODO: import the required dependencies
import pandas as pd

# Write code here

# Declare result var: 
type (possible values "string", "number", "dataframe", "plot"). Examples: { "type": "string", "value": f"The highest salary is {highest_salary}." } or { "type": "number", "value": 125 } or { "type": "dataframe", "value": pd.DataFrame({...}) } or { "type": "plot", "value": "temp_chart.png" }

```



### QUERY
 average charges?

At the end, declare "result" variable as a dictionary of type and value in the following format:

type (possible values "string", "number", "dataframe", "plot"). Examples: { "type": "string", "value": f"The highest salary is {highest_salary}." } or { "type": "number", "value": 125 } or { "type": "dataframe", "value": pd.DataFrame({...}) } or { "type": "plot", "value": "temp_chart.png" }



Generate python code and return full updated code:

### Note: Use only relevant table for query and do aggregation, sorting, joins and grouby through sql query
2026-01-16 22:05:52 [INFO] Code Generated:
# Import required dependencies
import pandas as pd

# Function to execute SQL query
def execute_sql_query(sql_query: str) -> pd.DataFrame:
    """This method connects to the database, executes the sql query and returns the dataframe"""
    # Code to connect to database and execute query ( omitted for simplicity)
    return pd.DataFrame([])

# Query to calculate average charges
sql_query = "SELECT AVG(charges) AS avg_charges FROM table_dc29090ae65f955145378a3142ce7920"

# Execute SQL query and store result in a dataframe
df_avg_charges = execute_sql_query(sql_query)

# Extract the average charge value from the dataframe
avg_charges = df_avg_charges.iloc[0, 0]

# Declare result variable
result = {"type": "number", "value": avg_charges}

print(result)  # Output: {'type': 'number', 'value': average_charge_value}
2026-01-16 22:05:52 [INFO] Validating code requirements...
2026-01-16 22:05:52 [INFO] Code validation successful.
2026-01-16 22:05:52 [INFO] Cleaning the generated code...
2026-01-16 22:05:52 [INFO] Executing code: import pandas as pd
sql_query = 'SELECT AVG(charges) AS avg_charges FROM table_dc29090ae65f955145378a3142ce7920'
df_avg_charges = execute_sql_query(sql_query)
avg_charges = df_avg_charges.iloc[0, 0]
result = {'type': 'number', 'value': avg_charges}
print(result)
2026-01-16 22:05:52 [INFO] Response generated successfully.
2026-01-16 22:06:29 [INFO] Question: give a heatmap of correlation between age and charges
2026-01-16 22:06:29 [INFO] Running PandasAI with ollama LLM...
2026-01-16 22:06:29 [INFO] Prompt ID: 531ae272-54da-4658-bf1b-4487c4254058
2026-01-16 22:06:29 [INFO] Generating new code...
2026-01-16 22:06:29 [INFO] Using Prompt: <tables>

<table dialect="duckdb" table_name="table_dc29090ae65f955145378a3142ce7920" columns="[{"name": "age", "type": "integer", "description": null, "expression": null, "alias": null}, {"name": "sex", "type": "string", "description": null, "expression": null, "alias": null}, {"name": "bmi", "type": "float", "description": null, "expression": null, "alias": null}, {"name": "children", "type": "integer", "description": null, "expression": null, "alias": null}, {"name": "smoker", "type": "string", "description": null, "expression": null, "alias": null}, {"name": "region", "type": "string", "description": null, "expression": null, "alias": null}, {"name": "charges", "type": "float", "description": null, "expression": null, "alias": null}]" dimensions="1338x7">
age,sex,bmi,children,smoker,region,charges
19,female,27.9,0,yes,southwest,16884.924
18,male,33.77,1,no,southeast,1725.5523
28,male,33.0,3,no,southeast,4449.462
33,male,22.705,0,no,northwest,21984.47061
32,male,28.88,0,no,northwest,3866.8552
</table>


</tables>

The following functions have already been provided. Please use them as needed and do not redefine them.
<function>
def execute_sql_query(sql_query: str) -> pd.DataFrame
    """This method connects to the database, executes the sql query and returns the dataframe"""
</function>



Update this initial code:
```python
# TODO: import the required dependencies
import pandas as pd

# Write code here

# Declare result var: 
type (possible values "string", "number", "dataframe", "plot"). Examples: { "type": "string", "value": f"The highest salary is {highest_salary}." } or { "type": "number", "value": 125 } or { "type": "dataframe", "value": pd.DataFrame({...}) } or { "type": "plot", "value": "temp_chart.png" }

```



### QUERY
 give a heatmap of correlation between age and charges

At the end, declare "result" variable as a dictionary of type and value in the following format:

type (possible values "string", "number", "dataframe", "plot"). Examples: { "type": "string", "value": f"The highest salary is {highest_salary}." } or { "type": "number", "value": 125 } or { "type": "dataframe", "value": pd.DataFrame({...}) } or { "type": "plot", "value": "temp_chart.png" }



Generate python code and return full updated code:

### Note: Use only relevant table for query and do aggregation, sorting, joins and grouby through sql query
2026-01-16 22:06:59 [INFO] Code Generated:
# Import the required dependencies
import pandas as pd
import seaborn as sns
import matplotlib.pyplot as plt

# Define the SQL query to generate the heatmap
sql_query = """
SELECT age, charges, COUNT(*) AS frequency
FROM table_dc29090ae65f955145378a3142ce7920
GROUP BY age, charges
ORDER BY age, charges;
"""

# Execute the SQL query and store the result in a Pandas DataFrame
result_df = execute_sql_query(sql_query)

# Convert the resulting DataFrame to a pivot table with age as the index and charges as columns
pivot_table = pd.pivot_table(result_df, values='frequency', index='age', columns='charges')

# Generate the heatmap using seaborn
sns.set()
plt.figure(figsize=(10, 8))
sns.heatmap(pivot_table, cmap='coolwarm', square=True)

# Save the heatmap to a file
plt.savefig('correlation_heatmap.png')

# Declare the result variable as a dictionary of type and value
result = { "type": "plot", "value": "correlation_heatmap.png" }
2026-01-16 22:06:59 [INFO] Validating code requirements...
2026-01-16 22:06:59 [INFO] Code validation successful.
2026-01-16 22:06:59 [INFO] Cleaning the generated code...
2026-01-16 22:06:59 [INFO] Executing code: import pandas as pd
import seaborn as sns
import matplotlib.pyplot as plt
sql_query = """
SELECT age, charges, COUNT(*) AS frequency
FROM table_dc29090ae65f955145378a3142ce7920
GROUP BY age, charges
ORDER BY age, charges;
"""
result_df = execute_sql_query(sql_query)
pivot_table = pd.pivot_table(result_df, values='frequency', index='age', columns='charges')
sns.set()
plt.figure(figsize=(10, 8))
sns.heatmap(pivot_table, cmap='coolwarm', square=True)
plt.savefig('exports\\charts\\temp_chart_5a919f4d-a7c3-4214-9cbf-246b2ded3018.png')
result = {'type': 'plot', 'value': 'exports\\charts\\temp_chart_5a919f4d-a7c3-4214-9cbf-246b2ded3018.png'}
2026-01-16 22:07:13 [INFO] Response generated successfully.
2026-01-16 22:07:41 [INFO] Question: give a histogram of age and charges
2026-01-16 22:07:41 [INFO] Running PandasAI with ollama LLM...
2026-01-16 22:07:41 [INFO] Prompt ID: 84c74c76-bfc1-4504-8b3e-f428a1a95971
2026-01-16 22:07:41 [INFO] Generating new code...
2026-01-16 22:07:41 [INFO] Using Prompt: <tables>

<table dialect="duckdb" table_name="table_dc29090ae65f955145378a3142ce7920" columns="[{"name": "age", "type": "integer", "description": null, "expression": null, "alias": null}, {"name": "sex", "type": "string", "description": null, "expression": null, "alias": null}, {"name": "bmi", "type": "float", "description": null, "expression": null, "alias": null}, {"name": "children", "type": "integer", "description": null, "expression": null, "alias": null}, {"name": "smoker", "type": "string", "description": null, "expression": null, "alias": null}, {"name": "region", "type": "string", "description": null, "expression": null, "alias": null}, {"name": "charges", "type": "float", "description": null, "expression": null, "alias": null}]" dimensions="1338x7">
age,sex,bmi,children,smoker,region,charges
19,female,27.9,0,yes,southwest,16884.924
18,male,33.77,1,no,southeast,1725.5523
28,male,33.0,3,no,southeast,4449.462
33,male,22.705,0,no,northwest,21984.47061
32,male,28.88,0,no,northwest,3866.8552
</table>


</tables>

The following functions have already been provided. Please use them as needed and do not redefine them.
<function>
def execute_sql_query(sql_query: str) -> pd.DataFrame
    """This method connects to the database, executes the sql query and returns the dataframe"""
</function>



Update this initial code:
```python
# TODO: import the required dependencies
import pandas as pd

# Write code here

# Declare result var: 
type (possible values "string", "number", "dataframe", "plot"). Examples: { "type": "string", "value": f"The highest salary is {highest_salary}." } or { "type": "number", "value": 125 } or { "type": "dataframe", "value": pd.DataFrame({...}) } or { "type": "plot", "value": "temp_chart.png" }

```



### QUERY
 give a histogram of age and charges

At the end, declare "result" variable as a dictionary of type and value in the following format:

type (possible values "string", "number", "dataframe", "plot"). Examples: { "type": "string", "value": f"The highest salary is {highest_salary}." } or { "type": "number", "value": 125 } or { "type": "dataframe", "value": pd.DataFrame({...}) } or { "type": "plot", "value": "temp_chart.png" }



Generate python code and return full updated code:

### Note: Use only relevant table for query and do aggregation, sorting, joins and grouby through sql query
2026-01-16 22:08:09 [INFO] Code Generated:
# Import required dependencies
import pandas as pd

# Define the execute_sql_query function (provided)
def execute_sql_query(sql_query: str) -> pd.DataFrame:
    """This method connects to the database, executes the sql query and returns the dataframe"""
    # TO DO: implement the logic for executing SQL queries
    pass

# Update the initial code
result = {}

# Define the SQL query for the histogram of age and charges
sql_query = """
    SELECT 
        age,
        charges
    FROM 
        table_dc29090ae65f955145378a3142ce7920
"""

# Execute the SQL query using the execute_sql_query function
df = execute_sql_query(sql_query)

# Create a histogram of age and charges
import matplotlib.pyplot as plt

plt.hist(df['charges'], bins=50)
plt.xlabel('Charges')
plt.ylabel('Frequency')
plt.title('Histogram of Age and Charges')
plt.show()

# Declare the result variable as a dictionary of type "plot" and value "temp_chart.png"
result = {"type": "plot", "value": "temp_chart.png"}

print(result)
2026-01-16 22:08:09 [INFO] Validating code requirements...
2026-01-16 22:08:09 [INFO] Code validation successful.
2026-01-16 22:08:09 [INFO] Cleaning the generated code...
2026-01-16 22:08:09 [INFO] Executing code: import pandas as pd
result = {}
sql_query = """
    SELECT 
        age,
        charges
    FROM 
        table_dc29090ae65f955145378a3142ce7920
"""
df = execute_sql_query(sql_query)
import matplotlib.pyplot as plt
plt.hist(df['charges'], bins=50)
plt.xlabel('Charges')
plt.ylabel('Frequency')
plt.title('Histogram of Age and Charges')
result = {'type': 'plot', 'value': 'exports\\charts\\temp_chart_77e28c10-dada-44d5-8c86-edef3da5d42b.png'}
print(result)
2026-01-16 22:08:10 [INFO] Response generated successfully.
2026-01-16 22:08:43 [INFO] Question: give a histogram of age and charges
2026-01-16 22:08:43 [INFO] Running PandasAI with ollama LLM...
2026-01-16 22:08:43 [INFO] Prompt ID: 41251d26-103b-4d36-87c9-75865dc12bdd
2026-01-16 22:08:43 [INFO] Generating new code...
2026-01-16 22:08:43 [INFO] Using Prompt: <tables>

<table dialect="duckdb" table_name="table_dc29090ae65f955145378a3142ce7920" columns="[{"name": "age", "type": "integer", "description": null, "expression": null, "alias": null}, {"name": "sex", "type": "string", "description": null, "expression": null, "alias": null}, {"name": "bmi", "type": "float", "description": null, "expression": null, "alias": null}, {"name": "children", "type": "integer", "description": null, "expression": null, "alias": null}, {"name": "smoker", "type": "string", "description": null, "expression": null, "alias": null}, {"name": "region", "type": "string", "description": null, "expression": null, "alias": null}, {"name": "charges", "type": "float", "description": null, "expression": null, "alias": null}]" dimensions="1338x7">
age,sex,bmi,children,smoker,region,charges
19,female,27.9,0,yes,southwest,16884.924
18,male,33.77,1,no,southeast,1725.5523
28,male,33.0,3,no,southeast,4449.462
33,male,22.705,0,no,northwest,21984.47061
32,male,28.88,0,no,northwest,3866.8552
</table>


</tables>

The following functions have already been provided. Please use them as needed and do not redefine them.
<function>
def execute_sql_query(sql_query: str) -> pd.DataFrame
    """This method connects to the database, executes the sql query and returns the dataframe"""
</function>



Update this initial code:
```python
# TODO: import the required dependencies
import pandas as pd

# Write code here

# Declare result var: 
type (possible values "string", "number", "dataframe", "plot"). Examples: { "type": "string", "value": f"The highest salary is {highest_salary}." } or { "type": "number", "value": 125 } or { "type": "dataframe", "value": pd.DataFrame({...}) } or { "type": "plot", "value": "temp_chart.png" }

```



### QUERY
 give a histogram of age and charges

At the end, declare "result" variable as a dictionary of type and value in the following format:

type (possible values "string", "number", "dataframe", "plot"). Examples: { "type": "string", "value": f"The highest salary is {highest_salary}." } or { "type": "number", "value": 125 } or { "type": "dataframe", "value": pd.DataFrame({...}) } or { "type": "plot", "value": "temp_chart.png" }



Generate python code and return full updated code:

### Note: Use only relevant table for query and do aggregation, sorting, joins and grouby through sql query
2026-01-16 22:09:08 [INFO] Code Generated:
# TODO: import the required dependencies
import pandas as pd
from function import execute_sql_query

# Initialize result variable
result = {}

# Execute SQL query to get histogram of age and charges
query = """
SELECT 
  age, 
  charges, 
  COUNT(*) AS frequency
FROM 
  table_dc29090ae65f955145378a3142ce7920
GROUP BY 
  age, 
  charges
"""

df = execute_sql_query(query)

# Convert to histogram plot
import matplotlib.pyplot as plt

plt.hist(df['charges'], bins=50)
plt.xlabel('Charges')
plt.ylabel('Frequency')
plt.title('Histogram of Age and Charges')

# Save the plot to a file
plot_file = 'age_charges_histogram.png'
plt.savefig(plot_file)

# Declare result variable
result = { "type": "plot", "value": plot_file }

print(result)
2026-01-16 22:09:08 [INFO] Validating code requirements...
2026-01-16 22:09:08 [INFO] Code validation successful.
2026-01-16 22:09:08 [INFO] Cleaning the generated code...
2026-01-16 22:09:08 [INFO] Executing code: import pandas as pd
from function import execute_sql_query
result = {}
query = """
SELECT 
  age, 
  charges, 
  COUNT(*) AS frequency
FROM 
  table_dc29090ae65f955145378a3142ce7920
GROUP BY 
  age, 
  charges
"""
df = execute_sql_query(query)
import matplotlib.pyplot as plt
plt.hist(df['charges'], bins=50)
plt.xlabel('Charges')
plt.ylabel('Frequency')
plt.title('Histogram of Age and Charges')
plot_file = 'exports\\charts\\temp_chart_89815bc9-41bb-4399-9cf5-296a1118276d.png'
plt.savefig(plot_file)
result = {'type': 'plot', 'value': plot_file}
print(result)
2026-01-16 22:09:08 [INFO] Retrying execution (1/3)...
2026-01-16 22:09:08 [INFO] Execution failed with error: Traceback (most recent call last):
  File "C:\Users\hp\Desktop\ai projects\Projects\.venv\Lib\site-packages\pandasai\core\code_execution\code_executor.py", line 29, in execute
    exec(code, self._environment)
  File "<string>", line 2, in <module>
ModuleNotFoundError: No module named 'function'

The above exception was the direct cause of the following exception:

Traceback (most recent call last):
  File "C:\Users\hp\Desktop\ai projects\Projects\.venv\Lib\site-packages\pandasai\agent\base.py", line 204, in execute_with_retries
    result = self.execute_code(code)
             ^^^^^^^^^^^^^^^^^^^^^^^
  File "C:\Users\hp\Desktop\ai projects\Projects\.venv\Lib\site-packages\pandasai\agent\base.py", line 135, in execute_code
    return code_executor.execute_and_return_result(code)
           ^^^^^^^^^^^^^^^^^^^^^^^^^^^^^^^^^^^^^^^^^^^^^
  File "C:\Users\hp\Desktop\ai projects\Projects\.venv\Lib\site-packages\pandasai\core\code_execution\code_executor.py", line 38, in execute_and_return_result
    self.execute(code)
  File "C:\Users\hp\Desktop\ai projects\Projects\.venv\Lib\site-packages\pandasai\core\code_execution\code_executor.py", line 31, in execute
    raise CodeExecutionError("Code execution failed") from e
pandasai.exceptions.CodeExecutionError: Code execution failed

2026-01-16 22:09:08 [INFO] Using Prompt: <table dialect="duckdb" table_name="table_dc29090ae65f955145378a3142ce7920" columns="[{"name": "age", "type": "integer", "description": null, "expression": null, "alias": null}, {"name": "sex", "type": "string", "description": null, "expression": null, "alias": null}, {"name": "bmi", "type": "float", "description": null, "expression": null, "alias": null}, {"name": "children", "type": "integer", "description": null, "expression": null, "alias": null}, {"name": "smoker", "type": "string", "description": null, "expression": null, "alias": null}, {"name": "region", "type": "string", "description": null, "expression": null, "alias": null}, {"name": "charges", "type": "float", "description": null, "expression": null, "alias": null}]" dimensions="1338x7">
age,sex,bmi,children,smoker,region,charges
19,female,27.9,0,yes,southwest,16884.924
18,male,33.77,1,no,southeast,1725.5523
28,male,33.0,3,no,southeast,4449.462
33,male,22.705,0,no,northwest,21984.47061
32,male,28.88,0,no,northwest,3866.8552
</table>


The following functions have already been provided. Please use them as needed and do not redefine them.
<function>
def execute_sql_query(sql_query: str) -> pd.DataFrame
    """This method connects to the database, executes the sql query and returns the dataframe"""
</function>


The user asked the following question:
### QUERY
 give a histogram of age and charges

You generated the following Python code:
import pandas as pd
from function import execute_sql_query
result = {}
query = """
SELECT 
  age, 
  charges, 
  COUNT(*) AS frequency
FROM 
  table_dc29090ae65f955145378a3142ce7920
GROUP BY 
  age, 
  charges
"""
df = execute_sql_query(query)
import matplotlib.pyplot as plt
plt.hist(df['charges'], bins=50)
plt.xlabel('Charges')
plt.ylabel('Frequency')
plt.title('Histogram of Age and Charges')
plot_file = 'exports\\charts\\temp_chart_89815bc9-41bb-4399-9cf5-296a1118276d.png'
plt.savefig(plot_file)
result = {'type': 'plot', 'value': plot_file}
print(result)

However, it resulted in the following error:
Traceback (most recent call last):
  File "C:\Users\hp\Desktop\ai projects\Projects\.venv\Lib\site-packages\pandasai\core\code_execution\code_executor.py", line 29, in execute
    exec(code, self._environment)
  File "<string>", line 2, in <module>
ModuleNotFoundError: No module named 'function'

The above exception was the direct cause of the following exception:

Traceback (most recent call last):
  File "C:\Users\hp\Desktop\ai projects\Projects\.venv\Lib\site-packages\pandasai\agent\base.py", line 204, in execute_with_retries
    result = self.execute_code(code)
             ^^^^^^^^^^^^^^^^^^^^^^^
  File "C:\Users\hp\Desktop\ai projects\Projects\.venv\Lib\site-packages\pandasai\agent\base.py", line 135, in execute_code
    return code_executor.execute_and_return_result(code)
           ^^^^^^^^^^^^^^^^^^^^^^^^^^^^^^^^^^^^^^^^^^^^^
  File "C:\Users\hp\Desktop\ai projects\Projects\.venv\Lib\site-packages\pandasai\core\code_execution\code_executor.py", line 38, in execute_and_return_result
    self.execute(code)
  File "C:\Users\hp\Desktop\ai projects\Projects\.venv\Lib\site-packages\pandasai\core\code_execution\code_executor.py", line 31, in execute
    raise CodeExecutionError("Code execution failed") from e
pandasai.exceptions.CodeExecutionError: Code execution failed


Fix the python code above and return the new python code but the code generated should use execute_sql_query function
2026-01-16 22:09:34 [INFO] Code Generated:
from function import execute_sql_query
2026-01-16 22:09:34 [INFO] Validating code requirements...
2026-01-16 22:09:34 [INFO] An error occurred during code generation: The code must execute SQL queries using the `execute_sql_query` function, which is already defined!
2026-01-16 22:09:34 [INFO] Stack Trace:
Traceback (most recent call last):
  File "C:\Users\hp\Desktop\ai projects\Projects\.venv\Lib\site-packages\pandasai\core\code_execution\code_executor.py", line 29, in execute
    exec(code, self._environment)
  File "<string>", line 2, in <module>
ModuleNotFoundError: No module named 'function'

The above exception was the direct cause of the following exception:

Traceback (most recent call last):
  File "C:\Users\hp\Desktop\ai projects\Projects\.venv\Lib\site-packages\pandasai\agent\base.py", line 204, in execute_with_retries
    result = self.execute_code(code)
             ^^^^^^^^^^^^^^^^^^^^^^^
  File "C:\Users\hp\Desktop\ai projects\Projects\.venv\Lib\site-packages\pandasai\agent\base.py", line 135, in execute_code
    return code_executor.execute_and_return_result(code)
           ^^^^^^^^^^^^^^^^^^^^^^^^^^^^^^^^^^^^^^^^^^^^^
  File "C:\Users\hp\Desktop\ai projects\Projects\.venv\Lib\site-packages\pandasai\core\code_execution\code_executor.py", line 38, in execute_and_return_result
    self.execute(code)
  File "C:\Users\hp\Desktop\ai projects\Projects\.venv\Lib\site-packages\pandasai\core\code_execution\code_executor.py", line 31, in execute
    raise CodeExecutionError("Code execution failed") from e
pandasai.exceptions.CodeExecutionError: Code execution failed

During handling of the above exception, another exception occurred:

Traceback (most recent call last):
  File "C:\Users\hp\Desktop\ai projects\Projects\.venv\Lib\site-packages\pandasai\core\code_generation\base.py", line 39, in generate_code
    cleaned_code = self.validate_and_clean_code(code)
                   ^^^^^^^^^^^^^^^^^^^^^^^^^^^^^^^^^^
  File "C:\Users\hp\Desktop\ai projects\Projects\.venv\Lib\site-packages\pandasai\core\code_generation\base.py", line 57, in validate_and_clean_code
    if not self._code_validator.validate(code):
           ^^^^^^^^^^^^^^^^^^^^^^^^^^^^^^^^^^^
  File "C:\Users\hp\Desktop\ai projects\Projects\.venv\Lib\site-packages\pandasai\core\code_generation\code_validation.py", line 63, in validate
    raise ExecuteSQLQueryNotUsed(
pandasai.exceptions.ExecuteSQLQueryNotUsed: The code must execute SQL queries using the `execute_sql_query` function, which is already defined!

2026-01-16 22:10:21 [INFO] Question: give histogram of bmi
2026-01-16 22:10:21 [INFO] Running PandasAI with ollama LLM...
2026-01-16 22:10:21 [INFO] Prompt ID: a52ca36a-2afa-4e67-a528-da619d927dd8
2026-01-16 22:10:21 [INFO] Generating new code...
2026-01-16 22:10:21 [INFO] Using Prompt: <tables>

<table dialect="duckdb" table_name="table_dc29090ae65f955145378a3142ce7920" columns="[{"name": "age", "type": "integer", "description": null, "expression": null, "alias": null}, {"name": "sex", "type": "string", "description": null, "expression": null, "alias": null}, {"name": "bmi", "type": "float", "description": null, "expression": null, "alias": null}, {"name": "children", "type": "integer", "description": null, "expression": null, "alias": null}, {"name": "smoker", "type": "string", "description": null, "expression": null, "alias": null}, {"name": "region", "type": "string", "description": null, "expression": null, "alias": null}, {"name": "charges", "type": "float", "description": null, "expression": null, "alias": null}]" dimensions="1338x7">
age,sex,bmi,children,smoker,region,charges
19,female,27.9,0,yes,southwest,16884.924
18,male,33.77,1,no,southeast,1725.5523
28,male,33.0,3,no,southeast,4449.462
33,male,22.705,0,no,northwest,21984.47061
32,male,28.88,0,no,northwest,3866.8552
</table>


</tables>

The following functions have already been provided. Please use them as needed and do not redefine them.
<function>
def execute_sql_query(sql_query: str) -> pd.DataFrame
    """This method connects to the database, executes the sql query and returns the dataframe"""
</function>



Update this initial code:
```python
# TODO: import the required dependencies
import pandas as pd

# Write code here

# Declare result var: 
type (possible values "string", "number", "dataframe", "plot"). Examples: { "type": "string", "value": f"The highest salary is {highest_salary}." } or { "type": "number", "value": 125 } or { "type": "dataframe", "value": pd.DataFrame({...}) } or { "type": "plot", "value": "temp_chart.png" }

```



### QUERY
 give histogram of bmi

At the end, declare "result" variable as a dictionary of type and value in the following format:

type (possible values "string", "number", "dataframe", "plot"). Examples: { "type": "string", "value": f"The highest salary is {highest_salary}." } or { "type": "number", "value": 125 } or { "type": "dataframe", "value": pd.DataFrame({...}) } or { "type": "plot", "value": "temp_chart.png" }



Generate python code and return full updated code:

### Note: Use only relevant table for query and do aggregation, sorting, joins and grouby through sql query
2026-01-16 22:10:48 [INFO] Code Generated:
# TODO: import the required dependencies
import pandas as pd
from function import execute_sql_query  # assuming this is the correct name of the imported function

# Write code here

# Declare result var: 
result = {}

# Generate SQL query to give histogram of bmi
sql_query = """
SELECT 
    BMI, 
    COUNT(*) AS frequency
FROM 
    table_dc29090ae65f955145378a3142ce7920
GROUP BY 
    BMI
ORDER BY 
    BMI DESC;
"""

# Execute the SQL query and get the result as a dataframe
df = execute_sql_query(sql_query)

# Create a histogram of bmi using pandas
import matplotlib.pyplot as plt

plt.hist(df['BMI'], bins=10)
plt.xlabel('BMI')
plt.ylabel('Frequency')
plt.title('Histogram of BMI')
plt.show()

result = {"type": "plot", "value": ""}  # the plot will be displayed, no need to specify a filename

print(result)
2026-01-16 22:10:48 [INFO] Validating code requirements...
2026-01-16 22:10:48 [INFO] Code validation successful.
2026-01-16 22:10:48 [INFO] Cleaning the generated code...
2026-01-16 22:10:48 [INFO] Executing code: import pandas as pd
from function import execute_sql_query
result = {}
sql_query = """
SELECT 
    BMI, 
    COUNT(*) AS frequency
FROM 
    table_dc29090ae65f955145378a3142ce7920
GROUP BY 
    BMI
ORDER BY 
    BMI DESC;
"""
df = execute_sql_query(sql_query)
import matplotlib.pyplot as plt
plt.hist(df['BMI'], bins=10)
plt.xlabel('BMI')
plt.ylabel('Frequency')
plt.title('Histogram of BMI')
result = {'type': 'plot', 'value': ''}
print(result)
2026-01-16 22:10:48 [INFO] Retrying execution (1/3)...
2026-01-16 22:10:48 [INFO] Execution failed with error: Traceback (most recent call last):
  File "C:\Users\hp\Desktop\ai projects\Projects\.venv\Lib\site-packages\pandasai\core\code_execution\code_executor.py", line 29, in execute
    exec(code, self._environment)
  File "<string>", line 2, in <module>
ModuleNotFoundError: No module named 'function'

The above exception was the direct cause of the following exception:

Traceback (most recent call last):
  File "C:\Users\hp\Desktop\ai projects\Projects\.venv\Lib\site-packages\pandasai\agent\base.py", line 204, in execute_with_retries
    result = self.execute_code(code)
             ^^^^^^^^^^^^^^^^^^^^^^^
  File "C:\Users\hp\Desktop\ai projects\Projects\.venv\Lib\site-packages\pandasai\agent\base.py", line 135, in execute_code
    return code_executor.execute_and_return_result(code)
           ^^^^^^^^^^^^^^^^^^^^^^^^^^^^^^^^^^^^^^^^^^^^^
  File "C:\Users\hp\Desktop\ai projects\Projects\.venv\Lib\site-packages\pandasai\core\code_execution\code_executor.py", line 38, in execute_and_return_result
    self.execute(code)
  File "C:\Users\hp\Desktop\ai projects\Projects\.venv\Lib\site-packages\pandasai\core\code_execution\code_executor.py", line 31, in execute
    raise CodeExecutionError("Code execution failed") from e
pandasai.exceptions.CodeExecutionError: Code execution failed

2026-01-16 22:10:48 [INFO] Using Prompt: <table dialect="duckdb" table_name="table_dc29090ae65f955145378a3142ce7920" columns="[{"name": "age", "type": "integer", "description": null, "expression": null, "alias": null}, {"name": "sex", "type": "string", "description": null, "expression": null, "alias": null}, {"name": "bmi", "type": "float", "description": null, "expression": null, "alias": null}, {"name": "children", "type": "integer", "description": null, "expression": null, "alias": null}, {"name": "smoker", "type": "string", "description": null, "expression": null, "alias": null}, {"name": "region", "type": "string", "description": null, "expression": null, "alias": null}, {"name": "charges", "type": "float", "description": null, "expression": null, "alias": null}]" dimensions="1338x7">
age,sex,bmi,children,smoker,region,charges
19,female,27.9,0,yes,southwest,16884.924
18,male,33.77,1,no,southeast,1725.5523
28,male,33.0,3,no,southeast,4449.462
33,male,22.705,0,no,northwest,21984.47061
32,male,28.88,0,no,northwest,3866.8552
</table>


The following functions have already been provided. Please use them as needed and do not redefine them.
<function>
def execute_sql_query(sql_query: str) -> pd.DataFrame
    """This method connects to the database, executes the sql query and returns the dataframe"""
</function>


The user asked the following question:
### QUERY
 give histogram of bmi

You generated the following Python code:
import pandas as pd
from function import execute_sql_query
result = {}
sql_query = """
SELECT 
    BMI, 
    COUNT(*) AS frequency
FROM 
    table_dc29090ae65f955145378a3142ce7920
GROUP BY 
    BMI
ORDER BY 
    BMI DESC;
"""
df = execute_sql_query(sql_query)
import matplotlib.pyplot as plt
plt.hist(df['BMI'], bins=10)
plt.xlabel('BMI')
plt.ylabel('Frequency')
plt.title('Histogram of BMI')
result = {'type': 'plot', 'value': ''}
print(result)

However, it resulted in the following error:
Traceback (most recent call last):
  File "C:\Users\hp\Desktop\ai projects\Projects\.venv\Lib\site-packages\pandasai\core\code_execution\code_executor.py", line 29, in execute
    exec(code, self._environment)
  File "<string>", line 2, in <module>
ModuleNotFoundError: No module named 'function'

The above exception was the direct cause of the following exception:

Traceback (most recent call last):
  File "C:\Users\hp\Desktop\ai projects\Projects\.venv\Lib\site-packages\pandasai\agent\base.py", line 204, in execute_with_retries
    result = self.execute_code(code)
             ^^^^^^^^^^^^^^^^^^^^^^^
  File "C:\Users\hp\Desktop\ai projects\Projects\.venv\Lib\site-packages\pandasai\agent\base.py", line 135, in execute_code
    return code_executor.execute_and_return_result(code)
           ^^^^^^^^^^^^^^^^^^^^^^^^^^^^^^^^^^^^^^^^^^^^^
  File "C:\Users\hp\Desktop\ai projects\Projects\.venv\Lib\site-packages\pandasai\core\code_execution\code_executor.py", line 38, in execute_and_return_result
    self.execute(code)
  File "C:\Users\hp\Desktop\ai projects\Projects\.venv\Lib\site-packages\pandasai\core\code_execution\code_executor.py", line 31, in execute
    raise CodeExecutionError("Code execution failed") from e
pandasai.exceptions.CodeExecutionError: Code execution failed


Fix the python code above and return the new python code but the code generated should use execute_sql_query function
2026-01-16 22:11:10 [INFO] Code Generated:
Python
import pandas as pd
import matplotlib.pyplot as plt

result = {}
sql_query = """
SELECT 
    BMI, 
    COUNT(*) AS frequency
FROM 
    table_dc29090ae65f955145378a3142ce7920
GROUP BY 
    BMI
ORDER BY 
    BMI DESC;
"""
df = execute_sql_query(sql_query)
plt.hist(df['BMI'].dropna().values.astype(float), bins=10)
plt.xlabel('BMI')
plt.ylabel('Frequency')
plt.title('Histogram of BMI')
result = {'type': 'plot', 'value': ''}
print(result)
2026-01-16 22:11:10 [INFO] Validating code requirements...
2026-01-16 22:11:10 [INFO] Code validation successful.
2026-01-16 22:11:10 [INFO] Cleaning the generated code...
2026-01-16 22:11:10 [INFO] Executing code: Python
import pandas as pd
import matplotlib.pyplot as plt
result = {}
sql_query = """
SELECT 
    BMI, 
    COUNT(*) AS frequency
FROM 
    table_dc29090ae65f955145378a3142ce7920
GROUP BY 
    BMI
ORDER BY 
    BMI DESC;
"""
df = execute_sql_query(sql_query)
plt.hist(df['BMI'].dropna().values.astype(float), bins=10)
plt.xlabel('BMI')
plt.ylabel('Frequency')
plt.title('Histogram of BMI')
result = {'type': 'plot', 'value': ''}
print(result)
2026-01-16 22:11:10 [INFO] Retrying execution (2/3)...
2026-01-16 22:11:10 [INFO] Execution failed with error: Traceback (most recent call last):
  File "C:\Users\hp\Desktop\ai projects\Projects\.venv\Lib\site-packages\pandasai\core\code_execution\code_executor.py", line 29, in execute
    exec(code, self._environment)
  File "<string>", line 1, in <module>
NameError: name 'Python' is not defined

The above exception was the direct cause of the following exception:

Traceback (most recent call last):
  File "C:\Users\hp\Desktop\ai projects\Projects\.venv\Lib\site-packages\pandasai\agent\base.py", line 204, in execute_with_retries
    result = self.execute_code(code)
             ^^^^^^^^^^^^^^^^^^^^^^^
  File "C:\Users\hp\Desktop\ai projects\Projects\.venv\Lib\site-packages\pandasai\agent\base.py", line 135, in execute_code
    return code_executor.execute_and_return_result(code)
           ^^^^^^^^^^^^^^^^^^^^^^^^^^^^^^^^^^^^^^^^^^^^^
  File "C:\Users\hp\Desktop\ai projects\Projects\.venv\Lib\site-packages\pandasai\core\code_execution\code_executor.py", line 38, in execute_and_return_result
    self.execute(code)
  File "C:\Users\hp\Desktop\ai projects\Projects\.venv\Lib\site-packages\pandasai\core\code_execution\code_executor.py", line 31, in execute
    raise CodeExecutionError("Code execution failed") from e
pandasai.exceptions.CodeExecutionError: Code execution failed

2026-01-16 22:11:10 [INFO] Using Prompt: <table dialect="duckdb" table_name="table_dc29090ae65f955145378a3142ce7920" columns="[{"name": "age", "type": "integer", "description": null, "expression": null, "alias": null}, {"name": "sex", "type": "string", "description": null, "expression": null, "alias": null}, {"name": "bmi", "type": "float", "description": null, "expression": null, "alias": null}, {"name": "children", "type": "integer", "description": null, "expression": null, "alias": null}, {"name": "smoker", "type": "string", "description": null, "expression": null, "alias": null}, {"name": "region", "type": "string", "description": null, "expression": null, "alias": null}, {"name": "charges", "type": "float", "description": null, "expression": null, "alias": null}]" dimensions="1338x7">
age,sex,bmi,children,smoker,region,charges
19,female,27.9,0,yes,southwest,16884.924
18,male,33.77,1,no,southeast,1725.5523
28,male,33.0,3,no,southeast,4449.462
33,male,22.705,0,no,northwest,21984.47061
32,male,28.88,0,no,northwest,3866.8552
</table>


The following functions have already been provided. Please use them as needed and do not redefine them.
<function>
def execute_sql_query(sql_query: str) -> pd.DataFrame
    """This method connects to the database, executes the sql query and returns the dataframe"""
</function>


The user asked the following question:
### QUERY
 give histogram of bmi

You generated the following Python code:
Python
import pandas as pd
import matplotlib.pyplot as plt
result = {}
sql_query = """
SELECT 
    BMI, 
    COUNT(*) AS frequency
FROM 
    table_dc29090ae65f955145378a3142ce7920
GROUP BY 
    BMI
ORDER BY 
    BMI DESC;
"""
df = execute_sql_query(sql_query)
plt.hist(df['BMI'].dropna().values.astype(float), bins=10)
plt.xlabel('BMI')
plt.ylabel('Frequency')
plt.title('Histogram of BMI')
result = {'type': 'plot', 'value': ''}
print(result)

However, it resulted in the following error:
Traceback (most recent call last):
  File "C:\Users\hp\Desktop\ai projects\Projects\.venv\Lib\site-packages\pandasai\core\code_execution\code_executor.py", line 29, in execute
    exec(code, self._environment)
  File "<string>", line 1, in <module>
NameError: name 'Python' is not defined

The above exception was the direct cause of the following exception:

Traceback (most recent call last):
  File "C:\Users\hp\Desktop\ai projects\Projects\.venv\Lib\site-packages\pandasai\agent\base.py", line 204, in execute_with_retries
    result = self.execute_code(code)
             ^^^^^^^^^^^^^^^^^^^^^^^
  File "C:\Users\hp\Desktop\ai projects\Projects\.venv\Lib\site-packages\pandasai\agent\base.py", line 135, in execute_code
    return code_executor.execute_and_return_result(code)
           ^^^^^^^^^^^^^^^^^^^^^^^^^^^^^^^^^^^^^^^^^^^^^
  File "C:\Users\hp\Desktop\ai projects\Projects\.venv\Lib\site-packages\pandasai\core\code_execution\code_executor.py", line 38, in execute_and_return_result
    self.execute(code)
  File "C:\Users\hp\Desktop\ai projects\Projects\.venv\Lib\site-packages\pandasai\core\code_execution\code_executor.py", line 31, in execute
    raise CodeExecutionError("Code execution failed") from e
pandasai.exceptions.CodeExecutionError: Code execution failed


Fix the python code above and return the new python code but the code generated should use execute_sql_query function
2026-01-16 22:11:29 [INFO] Code Generated:
Python
result = {}
sql_query = """
SELECT 
    BMI, 
    COUNT(*) AS frequency
FROM 
    table_dc29090ae65f955145378a3142ce7920
GROUP BY 
    BMI
ORDER BY 
    BMI DESC;
"""
df = execute_sql_query(sql_query)
plt.hist(df['BMI'].dropna().values.astype(float), bins=10)
plt.xlabel('BMI')
plt.ylabel('Frequency')
plt.title('Histogram of BMI')
result = {'type': 'plot', 'value': ''}
print(result)
2026-01-16 22:11:29 [INFO] Validating code requirements...
2026-01-16 22:11:29 [INFO] Code validation successful.
2026-01-16 22:11:29 [INFO] Cleaning the generated code...
2026-01-16 22:11:29 [INFO] Executing code: Python
result = {}
sql_query = """
SELECT 
    BMI, 
    COUNT(*) AS frequency
FROM 
    table_dc29090ae65f955145378a3142ce7920
GROUP BY 
    BMI
ORDER BY 
    BMI DESC;
"""
df = execute_sql_query(sql_query)
plt.hist(df['BMI'].dropna().values.astype(float), bins=10)
plt.xlabel('BMI')
plt.ylabel('Frequency')
plt.title('Histogram of BMI')
result = {'type': 'plot', 'value': ''}
print(result)
2026-01-16 22:11:29 [INFO] Retrying execution (3/3)...
2026-01-16 22:11:29 [INFO] Execution failed with error: Traceback (most recent call last):
  File "C:\Users\hp\Desktop\ai projects\Projects\.venv\Lib\site-packages\pandasai\core\code_execution\code_executor.py", line 29, in execute
    exec(code, self._environment)
  File "<string>", line 1, in <module>
NameError: name 'Python' is not defined

The above exception was the direct cause of the following exception:

Traceback (most recent call last):
  File "C:\Users\hp\Desktop\ai projects\Projects\.venv\Lib\site-packages\pandasai\agent\base.py", line 204, in execute_with_retries
    result = self.execute_code(code)
             ^^^^^^^^^^^^^^^^^^^^^^^
  File "C:\Users\hp\Desktop\ai projects\Projects\.venv\Lib\site-packages\pandasai\agent\base.py", line 135, in execute_code
    return code_executor.execute_and_return_result(code)
           ^^^^^^^^^^^^^^^^^^^^^^^^^^^^^^^^^^^^^^^^^^^^^
  File "C:\Users\hp\Desktop\ai projects\Projects\.venv\Lib\site-packages\pandasai\core\code_execution\code_executor.py", line 38, in execute_and_return_result
    self.execute(code)
  File "C:\Users\hp\Desktop\ai projects\Projects\.venv\Lib\site-packages\pandasai\core\code_execution\code_executor.py", line 31, in execute
    raise CodeExecutionError("Code execution failed") from e
pandasai.exceptions.CodeExecutionError: Code execution failed

2026-01-16 22:11:29 [INFO] Using Prompt: <table dialect="duckdb" table_name="table_dc29090ae65f955145378a3142ce7920" columns="[{"name": "age", "type": "integer", "description": null, "expression": null, "alias": null}, {"name": "sex", "type": "string", "description": null, "expression": null, "alias": null}, {"name": "bmi", "type": "float", "description": null, "expression": null, "alias": null}, {"name": "children", "type": "integer", "description": null, "expression": null, "alias": null}, {"name": "smoker", "type": "string", "description": null, "expression": null, "alias": null}, {"name": "region", "type": "string", "description": null, "expression": null, "alias": null}, {"name": "charges", "type": "float", "description": null, "expression": null, "alias": null}]" dimensions="1338x7">
age,sex,bmi,children,smoker,region,charges
19,female,27.9,0,yes,southwest,16884.924
18,male,33.77,1,no,southeast,1725.5523
28,male,33.0,3,no,southeast,4449.462
33,male,22.705,0,no,northwest,21984.47061
32,male,28.88,0,no,northwest,3866.8552
</table>


The following functions have already been provided. Please use them as needed and do not redefine them.
<function>
def execute_sql_query(sql_query: str) -> pd.DataFrame
    """This method connects to the database, executes the sql query and returns the dataframe"""
</function>


The user asked the following question:
### QUERY
 give histogram of bmi

You generated the following Python code:
Python
result = {}
sql_query = """
SELECT 
    BMI, 
    COUNT(*) AS frequency
FROM 
    table_dc29090ae65f955145378a3142ce7920
GROUP BY 
    BMI
ORDER BY 
    BMI DESC;
"""
df = execute_sql_query(sql_query)
plt.hist(df['BMI'].dropna().values.astype(float), bins=10)
plt.xlabel('BMI')
plt.ylabel('Frequency')
plt.title('Histogram of BMI')
result = {'type': 'plot', 'value': ''}
print(result)

However, it resulted in the following error:
Traceback (most recent call last):
  File "C:\Users\hp\Desktop\ai projects\Projects\.venv\Lib\site-packages\pandasai\core\code_execution\code_executor.py", line 29, in execute
    exec(code, self._environment)
  File "<string>", line 1, in <module>
NameError: name 'Python' is not defined

The above exception was the direct cause of the following exception:

Traceback (most recent call last):
  File "C:\Users\hp\Desktop\ai projects\Projects\.venv\Lib\site-packages\pandasai\agent\base.py", line 204, in execute_with_retries
    result = self.execute_code(code)
             ^^^^^^^^^^^^^^^^^^^^^^^
  File "C:\Users\hp\Desktop\ai projects\Projects\.venv\Lib\site-packages\pandasai\agent\base.py", line 135, in execute_code
    return code_executor.execute_and_return_result(code)
           ^^^^^^^^^^^^^^^^^^^^^^^^^^^^^^^^^^^^^^^^^^^^^
  File "C:\Users\hp\Desktop\ai projects\Projects\.venv\Lib\site-packages\pandasai\core\code_execution\code_executor.py", line 38, in execute_and_return_result
    self.execute(code)
  File "C:\Users\hp\Desktop\ai projects\Projects\.venv\Lib\site-packages\pandasai\core\code_execution\code_executor.py", line 31, in execute
    raise CodeExecutionError("Code execution failed") from e
pandasai.exceptions.CodeExecutionError: Code execution failed


Fix the python code above and return the new python code but the code generated should use execute_sql_query function
2026-01-16 22:11:48 [INFO] Code Generated:
sql_query = """
SELECT 
    BMI, 
    COUNT(*) AS frequency
FROM 
    table_dc29090ae65f955145378a3142ce7920
GROUP BY 
    BMI
ORDER BY 
    BMI DESC;
"""
df = execute_sql_query(sql_query)
plt.hist(df['BMI'].dropna().values.astype(float), bins=10)
plt.xlabel('BMI')
plt.ylabel('Frequency')
plt.title('Histogram of BMI')
2026-01-16 22:11:48 [INFO] Validating code requirements...
2026-01-16 22:11:48 [INFO] Code validation successful.
2026-01-16 22:11:48 [INFO] Cleaning the generated code...
2026-01-16 22:11:48 [INFO] Executing code: sql_query = """
SELECT 
    BMI, 
    COUNT(*) AS frequency
FROM 
    table_dc29090ae65f955145378a3142ce7920
GROUP BY 
    BMI
ORDER BY 
    BMI DESC;
"""
df = execute_sql_query(sql_query)
plt.hist(df['BMI'].dropna().values.astype(float), bins=10)
plt.xlabel('BMI')
plt.ylabel('Frequency')
plt.title('Histogram of BMI')
2026-01-16 22:11:48 [INFO] Max retries reached. Error: Code execution failed
2026-01-16 22:11:48 [INFO] Processing failed with error: Traceback (most recent call last):
  File "C:\Users\hp\Desktop\ai projects\Projects\.venv\Lib\site-packages\pandas\core\indexes\base.py", line 3812, in get_loc
    return self._engine.get_loc(casted_key)
           ^^^^^^^^^^^^^^^^^^^^^^^^^^^^^^^^
  File "pandas/_libs/index.pyx", line 167, in pandas._libs.index.IndexEngine.get_loc
  File "pandas/_libs/index.pyx", line 196, in pandas._libs.index.IndexEngine.get_loc
  File "pandas/_libs/hashtable_class_helper.pxi", line 7088, in pandas._libs.hashtable.PyObjectHashTable.get_item
  File "pandas/_libs/hashtable_class_helper.pxi", line 7096, in pandas._libs.hashtable.PyObjectHashTable.get_item
KeyError: 'BMI'

The above exception was the direct cause of the following exception:

Traceback (most recent call last):
  File "C:\Users\hp\Desktop\ai projects\Projects\.venv\Lib\site-packages\pandasai\core\code_execution\code_executor.py", line 29, in execute
    exec(code, self._environment)
  File "<string>", line 13, in <module>
  File "C:\Users\hp\Desktop\ai projects\Projects\.venv\Lib\site-packages\pandas\core\frame.py", line 4113, in __getitem__
    indexer = self.columns.get_loc(key)
              ^^^^^^^^^^^^^^^^^^^^^^^^^
  File "C:\Users\hp\Desktop\ai projects\Projects\.venv\Lib\site-packages\pandas\core\indexes\base.py", line 3819, in get_loc
    raise KeyError(key) from err
KeyError: 'BMI'

The above exception was the direct cause of the following exception:

Traceback (most recent call last):
  File "C:\Users\hp\Desktop\ai projects\Projects\.venv\Lib\site-packages\pandasai\agent\base.py", line 287, in _process_query
    result = self.execute_with_retries(code)
             ^^^^^^^^^^^^^^^^^^^^^^^^^^^^^^^
  File "C:\Users\hp\Desktop\ai projects\Projects\.venv\Lib\site-packages\pandasai\agent\base.py", line 204, in execute_with_retries
    result = self.execute_code(code)
             ^^^^^^^^^^^^^^^^^^^^^^^
  File "C:\Users\hp\Desktop\ai projects\Projects\.venv\Lib\site-packages\pandasai\agent\base.py", line 135, in execute_code
    return code_executor.execute_and_return_result(code)
           ^^^^^^^^^^^^^^^^^^^^^^^^^^^^^^^^^^^^^^^^^^^^^
  File "C:\Users\hp\Desktop\ai projects\Projects\.venv\Lib\site-packages\pandasai\core\code_execution\code_executor.py", line 38, in execute_and_return_result
    self.execute(code)
  File "C:\Users\hp\Desktop\ai projects\Projects\.venv\Lib\site-packages\pandasai\core\code_execution\code_executor.py", line 31, in execute
    raise CodeExecutionError("Code execution failed") from e
pandasai.exceptions.CodeExecutionError: Code execution failed

2026-01-31 17:35:24 [INFO] Question: what is the average age  ?

2026-01-31 17:35:24 [INFO] Running PandasAI with ollama LLM...
2026-01-31 17:35:24 [INFO] Prompt ID: 6bb1ad72-f92c-4be8-9461-6f809e3f1ed4
2026-01-31 17:35:24 [INFO] Generating new code...
2026-01-31 17:35:24 [INFO] Using Prompt: <tables>

<table dialect="duckdb" table_name="table_e9293185bcdcc9cbdfc27af947046b8d" columns="[{"name": "Age", "type": "integer", "description": null, "expression": null, "alias": null}, {"name": "Sex", "type": "string", "description": null, "expression": null, "alias": null}, {"name": "ChestPainType", "type": "string", "description": null, "expression": null, "alias": null}, {"name": "RestingBP", "type": "integer", "description": null, "expression": null, "alias": null}, {"name": "Cholesterol", "type": "integer", "description": null, "expression": null, "alias": null}, {"name": "FastingBS", "type": "integer", "description": null, "expression": null, "alias": null}, {"name": "RestingECG", "type": "string", "description": null, "expression": null, "alias": null}, {"name": "MaxHR", "type": "integer", "description": null, "expression": null, "alias": null}, {"name": "ExerciseAngina", "type": "string", "description": null, "expression": null, "alias": null}, {"name": "Oldpeak", "type": "float", "description": null, "expression": null, "alias": null}, {"name": "ST_Slope", "type": "string", "description": null, "expression": null, "alias": null}, {"name": "HeartDisease", "type": "integer", "description": null, "expression": null, "alias": null}]" dimensions="918x12">
Age,Sex,ChestPainType,RestingBP,Cholesterol,FastingBS,RestingECG,MaxHR,ExerciseAngina,Oldpeak,ST_Slope,HeartDisease
40,M,ATA,140,289,0,Normal,172,N,0.0,Up,0
49,F,NAP,160,180,0,Normal,156,N,1.0,Flat,1
37,M,ATA,130,283,0,ST,98,N,0.0,Up,0
48,F,ASY,138,214,0,Normal,108,Y,1.5,Flat,1
54,M,NAP,150,195,0,Normal,122,N,0.0,Up,0
</table>


</tables>

The following functions have already been provided. Please use them as needed and do not redefine them.
<function>
def execute_sql_query(sql_query: str) -> pd.DataFrame
    """This method connects to the database, executes the sql query and returns the dataframe"""
</function>



Update this initial code:
```python
# TODO: import the required dependencies
import pandas as pd

# Write code here

# Declare result var: 
type (possible values "string", "number", "dataframe", "plot"). Examples: { "type": "string", "value": f"The highest salary is {highest_salary}." } or { "type": "number", "value": 125 } or { "type": "dataframe", "value": pd.DataFrame({...}) } or { "type": "plot", "value": "temp_chart.png" }

```



### QUERY
 what is the average age  ?


At the end, declare "result" variable as a dictionary of type and value in the following format:

type (possible values "string", "number", "dataframe", "plot"). Examples: { "type": "string", "value": f"The highest salary is {highest_salary}." } or { "type": "number", "value": 125 } or { "type": "dataframe", "value": pd.DataFrame({...}) } or { "type": "plot", "value": "temp_chart.png" }



Generate python code and return full updated code:

### Note: Use only relevant table for query and do aggregation, sorting, joins and grouby through sql query
2026-01-31 17:35:30 [INFO] Code Generated:
# import the required dependencies
import pandas as pd

# Define the SQL query to calculate the average age
sql_query = "SELECT AVG(Age) as average_age FROM table_e9293185bcdcc9cbdfc27af947046b8d"

# Execute the query and get the result as a dataframe
df = execute_sql_query(sql_query)

# Extract the average age value from the dataframe
average_age = df.iloc[0]['average_age']

# Declare result var: 
result = { "type": "number", "value": average_age }
2026-01-31 17:35:30 [INFO] Validating code requirements...
2026-01-31 17:35:30 [INFO] Code validation successful.
2026-01-31 17:35:30 [INFO] Cleaning the generated code...
2026-01-31 17:35:30 [INFO] Executing code: import pandas as pd
sql_query = 'SELECT AVG(Age) as average_age FROM table_e9293185bcdcc9cbdfc27af947046b8d'
df = execute_sql_query(sql_query)
average_age = df.iloc[0]['average_age']
result = {'type': 'number', 'value': average_age}
2026-01-31 17:35:31 [INFO] Response generated successfully.
2026-01-31 17:37:20 [INFO] Question: give a heatmap of correlation of heart disease and other columns 

2026-01-31 17:37:20 [INFO] Running PandasAI with ollama LLM...
2026-01-31 17:37:20 [INFO] Prompt ID: df4ef82f-b8a3-4c57-9d26-70ecb2b34b3a
2026-01-31 17:37:20 [INFO] Generating new code...
2026-01-31 17:37:20 [INFO] Using Prompt: <tables>

<table dialect="duckdb" table_name="table_e9293185bcdcc9cbdfc27af947046b8d" columns="[{"name": "Age", "type": "integer", "description": null, "expression": null, "alias": null}, {"name": "Sex", "type": "string", "description": null, "expression": null, "alias": null}, {"name": "ChestPainType", "type": "string", "description": null, "expression": null, "alias": null}, {"name": "RestingBP", "type": "integer", "description": null, "expression": null, "alias": null}, {"name": "Cholesterol", "type": "integer", "description": null, "expression": null, "alias": null}, {"name": "FastingBS", "type": "integer", "description": null, "expression": null, "alias": null}, {"name": "RestingECG", "type": "string", "description": null, "expression": null, "alias": null}, {"name": "MaxHR", "type": "integer", "description": null, "expression": null, "alias": null}, {"name": "ExerciseAngina", "type": "string", "description": null, "expression": null, "alias": null}, {"name": "Oldpeak", "type": "float", "description": null, "expression": null, "alias": null}, {"name": "ST_Slope", "type": "string", "description": null, "expression": null, "alias": null}, {"name": "HeartDisease", "type": "integer", "description": null, "expression": null, "alias": null}]" dimensions="918x12">
Age,Sex,ChestPainType,RestingBP,Cholesterol,FastingBS,RestingECG,MaxHR,ExerciseAngina,Oldpeak,ST_Slope,HeartDisease
40,M,ATA,140,289,0,Normal,172,N,0.0,Up,0
49,F,NAP,160,180,0,Normal,156,N,1.0,Flat,1
37,M,ATA,130,283,0,ST,98,N,0.0,Up,0
48,F,ASY,138,214,0,Normal,108,Y,1.5,Flat,1
54,M,NAP,150,195,0,Normal,122,N,0.0,Up,0
</table>


</tables>

The following functions have already been provided. Please use them as needed and do not redefine them.
<function>
def execute_sql_query(sql_query: str) -> pd.DataFrame
    """This method connects to the database, executes the sql query and returns the dataframe"""
</function>



Update this initial code:
```python
# TODO: import the required dependencies
import pandas as pd

# Write code here

# Declare result var: 
type (possible values "string", "number", "dataframe", "plot"). Examples: { "type": "string", "value": f"The highest salary is {highest_salary}." } or { "type": "number", "value": 125 } or { "type": "dataframe", "value": pd.DataFrame({...}) } or { "type": "plot", "value": "temp_chart.png" }

```



### QUERY
 give a heatmap of correlation of heart disease and other columns 


At the end, declare "result" variable as a dictionary of type and value in the following format:

type (possible values "string", "number", "dataframe", "plot"). Examples: { "type": "string", "value": f"The highest salary is {highest_salary}." } or { "type": "number", "value": 125 } or { "type": "dataframe", "value": pd.DataFrame({...}) } or { "type": "plot", "value": "temp_chart.png" }



Generate python code and return full updated code:

### Note: Use only relevant table for query and do aggregation, sorting, joins and grouby through sql query
2026-01-31 17:37:31 [INFO] Code Generated:
# import the required dependencies
import pandas as pd
import seaborn as sns
import matplotlib.pyplot as plt

# Fetch the data from the table
# Correlation calculations usually require numerical data. We fetch all columns and then filter in pandas.
df = execute_sql_query("SELECT * FROM table_e9293185bcdcc9cbdfc27af947046b8d")

# Select only numerical columns for the correlation matrix
numerical_df = df.select_dtypes(include=['number'])

# Calculate the correlation matrix
corr_matrix = numerical_df.corr()

# Create the heatmap
plt.figure(figsize=(10, 8))
sns.heatmap(corr_matrix, annot=True, cmap='coolwarm', fmt=".2f", linewidths=0.5)
plt.title("Correlation Heatmap: Heart Disease and Numerical Features")

# Save the plot to a file
output_file = "heart_disease_correlation_heatmap.png"
plt.savefig(output_file)
plt.close()

# Declare result var: 
result = { "type": "plot", "value": output_file }
2026-01-31 17:37:31 [INFO] Validating code requirements...
2026-01-31 17:37:31 [INFO] Code validation successful.
2026-01-31 17:37:31 [INFO] Cleaning the generated code...
2026-01-31 17:37:31 [INFO] Executing code: import pandas as pd
import seaborn as sns
import matplotlib.pyplot as plt
df = execute_sql_query('SELECT * FROM table_e9293185bcdcc9cbdfc27af947046b8d')
numerical_df = df.select_dtypes(include=['number'])
corr_matrix = numerical_df.corr()
plt.figure(figsize=(10, 8))
sns.heatmap(corr_matrix, annot=True, cmap='coolwarm', fmt='.2f', linewidths=0.5)
plt.title('Correlation Heatmap: Heart Disease and Numerical Features')
output_file = 'exports\\charts\\temp_chart_b18964f9-bfbf-45e5-89b6-95cda276ac39.png'
plt.savefig(output_file)
plt.close()
result = {'type': 'plot', 'value': output_file}
2026-01-31 17:37:38 [INFO] Response generated successfully.
